Map[0001005] Arena                            Partition: 01
Map[0001018] Arena                            Partition: 01
Map[0001038] GuildArea                        Partition: 01
Map[0001072] CityArena4                       Partition: 01
Map[0001080] Arena2                           Partition: 01
Map[0001081] Arena3                           Partition: 01
Map[0001090] Arena1                           Partition: 01
Map[0001091] Arena2                           Partition: 01
Map[0001092] Arena1                           Partition: 01
Map[0001093] Arena2                           Partition: 01
Map[0001094] Arena1                           Partition: 01
Map[0001095] Arena2                           Partition: 01
Map[0001451] MeteorArena                      Partition: 01
Map[0001500] ClassPKArena1                    Partition: 01
Map[0001501] ClassPKArena2                    Partition: 01
Map[0001502] ClassPKArena3                    Partition: 01
Map[0001505] CityArena1                       Partition: 01
Map[0001506] CityArena2                       Partition: 01
Map[0001508] CityArena4                       Partition: 01
Map[0001515] CityArena1                       Partition: 01
Map[0001516] CityArena2                       Partition: 01
Map[0001518] CityArena4                       Partition: 01
Map[0001525] CityArena1                       Partition: 01
Map[0001526] CityArena2                       Partition: 01
Map[0001528] CityArena4                       Partition: 01
Map[0001700] EvilAbyss                        Partition: 01
Map[0001837] ClassPKArena4                    Partition: 01
Map[0001838] ClassPKArena5                    Partition: 01
Map[0001839] ClassPKArena6                    Partition: 01
Map[0001863] TwinCityArena                    Partition: 01
Map[0001864] WindPlainArena                   Partition: 01
Map[0001868] PhoenixCastleArena               Partition: 01
Map[0001869] MapleForestArena                 Partition: 01
Map[0001873] ApeCityArena                     Partition: 01
Map[0001874] LoveCanyonArena                  Partition: 01
Map[0001878] BirdIslandArena                  Partition: 01
Map[0001879] BirdIslandArena                  Partition: 01
Map[0001883] DesertCityArena                  Partition: 01
Map[0001884] DesertArena                      Partition: 01
Map[0001946] ClassPKArena7                    Partition: 01
Map[0001947] ClassPKArena8                    Partition: 01
Map[0001948] ClassPKArena9                    Partition: 01
Map[0002075] CastleWar                        Partition: 01
Map[0002080] LineSkillPKTournamentMap         Partition: 01
Map[0003000] ClassPKArena10                   Partition: 01
Map[0003001] ClassPKArena11                   Partition: 01
Map[0003002] ClassPKArena12                   Partition: 01
Map[0003003] ClassPKArena13                   Partition: 01
Map[0003004] ClassPKArena14                   Partition: 01
Map[0003005] ClassPKArena15                   Partition: 01
Map[0003006] ClassPKArena16                   Partition: 01
Map[0003007] ClassPKArena17                   Partition: 01
Map[0003008] ClassPKArena18                   Partition: 01
Map[0003009] ClassPKArena19                   Partition: 01
Map[0003010] ClassPKArena20                   Partition: 01
Map[0003011] ClassPKArena21                   Partition: 01
Map[0003012] ClassPKArena22                   Partition: 01
Map[0003013] ClassPKArena23                   Partition: 01
Map[0003014] ClassPKArena24                   Partition: 01
Map[0003015] ClassPKArena25                   Partition: 01
Map[0003016] ClassPKWarArena26                Partition: 01
Map[0003017] ClassPKWarArena27                Partition: 01
Map[0003018] ClassPKWarArena28                Partition: 01
Map[0003019] ClassPKWarArena29                Partition: 01
Map[0003862] ClassPKArena34                   Partition: 01
Map[0003863] ClassPKArena35                   Partition: 01
Map[0003864] ClassPKArena36                   Partition: 01
Map[0003865] ClassPKArena37                   Partition: 01
Map[0004025] BattleFormation                  Partition: 01
Map[0005000] NPCJail                          Partition: 01
Map[0006001] Jail                             Partition: 01
Map[0009903] ClassPKArena30                   Partition: 01
Map[0009904] ClassPKArena31                   Partition: 01
Map[0009905] ClassPKArena32                   Partition: 01
Map[0009906] ClassPKArena33                   Partition: 01
Map[0010392] ClassPKArena42                   Partition: 01
Map[0010393] ClassPKArena43                   Partition: 01
Map[0010394] ClassPKArena44                   Partition: 01
Map[0010395] ClassPKArena45                   Partition: 01
Map[0900000] PlayersArena                     Partition: 01
Map[0000601] OfflineTG                        Partition: 02
Map[0000700] LotteryMap                       Partition: 02
Map[0001000] Desert                           Partition: 02
Map[0001002] CentralPlain                     Partition: 02
Map[0001004] JobCenter                        Partition: 02
Map[0001007] Blachsmith                       Partition: 02
Map[0001009] ArmorStore                       Partition: 02
Map[0001011] Forest                           Partition: 02
Map[0001013] TigerCave                        Partition: 02
Map[0001015] Island                           Partition: 02
Map[0001020] Canyon                           Partition: 02
Map[0001026] CopperMine                       Partition: 02
Map[0001028] IronMine                         Partition: 02
Map[0001036] Market                           Partition: 02
Map[0001040] SkyCityPass                      Partition: 02
Map[0001042] PassPortal                       Partition: 02
Map[0001044] Chaos                            Partition: 02
Map[0001046] Prosperous                       Partition: 02
Map[0001048] Calmed                           Partition: 02
Map[0001050] Life                             Partition: 02
Map[0001052] TestIsland                       Partition: 02
Map[0001060] Maze1                            Partition: 02
Map[0001063] AdventureIsland                  Partition: 02
Map[0001075] NewCanyon                        Partition: 02
Map[0001077] NewDesert                        Partition: 02
Map[0001100] MoonPlatform                     Partition: 02
Map[0001102] MoonPlatform                     Partition: 02
Map[0001104] MoonPlatform                     Partition: 02
Map[0001106] MoonPlatform                     Partition: 02
Map[0001108] MoonPlatform                     Partition: 02
Map[0001201] GlobeQuest1                      Partition: 02
Map[0001204] GlobeQuest4                      Partition: 02
Map[0001207] GlobeQuest7                      Partition: 02
Map[0001210] GlobeQuest10                     Partition: 02
Map[0001212] GlobeIsland                      Partition: 02
Map[0001214] GlobeCanyon                      Partition: 02
Map[0001216] GlobePlain                       Partition: 02
Map[0001218] CopperMine                       Partition: 02
Map[0001300] DemonCave                        Partition: 02
Map[0001351] Labyrinth                        Partition: 02
Map[0001353] Labyrinth                        Partition: 02
Map[0001511] FurnitureStore                   Partition: 02
Map[0001551] HalloweenCity1                   Partition: 02
Map[0001762] FrozenGrotto1                    Partition: 02
Map[0001782] TreasureHouse                    Partition: 02
Map[0001784] Hut                              Partition: 02
Map[0001786] Dungeon2F                        Partition: 02
Map[0001791] RoseGarden                       Partition: 02
Map[0001794] ViperCave                        Partition: 02
Map[0002000] IronMine2                        Partition: 02
Map[0002003] IronMine3F                       Partition: 02
Map[0002005] IronMine3F                       Partition: 02
Map[0002007] IronMine4F                       Partition: 02
Map[0002009] IronMine4F                       Partition: 02
Map[0002011] IronMine4F                       Partition: 02
Map[0002013] IronMine4F                       Partition: 02
Map[0002021] CopperMine2F                     Partition: 02
Map[0002023] CopperMine3F                     Partition: 02
Map[0002025] CopperMine3F                     Partition: 02
Map[0002027] CopperMine4F                     Partition: 02
Map[0002029] CopperMine4F                     Partition: 02
Map[0002031] CopperMine4F                     Partition: 02
Map[0002033] CopperMine4F                     Partition: 02
Map[0002041] SilverMine2F                     Partition: 02
Map[0002043] SilverMine3F                     Partition: 02
Map[0002045] SilverMine3F                     Partition: 02
Map[0002047] SilverMine4F                     Partition: 02
Map[0002049] SilverMine4F                     Partition: 02
Map[0002051] SilverMine4F                     Partition: 02
Map[0002053] SilverMine4F                     Partition: 02
Map[0004021] HellGate                         Partition: 02
Map[0004023] LeftCloister                     Partition: 02
Map[0006000] PKerJail                         Partition: 02
Map[0001001] MysticCastle                     Partition: 03
Map[0001003] MineCave                         Partition: 03
Map[0001006] Stable                           Partition: 03
Map[0001008] Grocery                          Partition: 03
Map[0001010] BirthVillage                     Partition: 03
Map[0001012] Dreamland                        Partition: 03
Map[0001014] DragonPool                       Partition: 03
Map[0001016] KylinCave                        Partition: 03
Map[0001021] CopperMine                       Partition: 03
Map[0001025] IronMine                         Partition: 03
Map[0001027] SilverMine                       Partition: 03
Map[0001039] TrainingGround                   Partition: 03
Map[0001041] PrizeClaimingMa                  Partition: 03
Map[0001043] Peace                            Partition: 03
Map[0001045] Deserted                         Partition: 03
Map[0001047] Disturbed                        Partition: 03
Map[0001049] Death                            Partition: 03
Map[0001051] MysticIsland                     Partition: 03
Map[0001061] Maze2                            Partition: 03
Map[0001062] Maze3                            Partition: 03
Map[0001070] SnakeDen                         Partition: 03
Map[0001076] NewForest                        Partition: 03
Map[0001078] NewIsland                        Partition: 03
Map[0001101] MoonPlatform                     Partition: 03
Map[0001103] MoonPlatform                     Partition: 03
Map[0001105] MoonPlatform                     Partition: 03
Map[0001107] MoonPlatform                     Partition: 03
Map[0001109] MoonPlatform                     Partition: 03
Map[0001202] GlobeQuest2                      Partition: 03
Map[0001205] GlobeQuest5                      Partition: 03
Map[0001208] GlobeQuest8                      Partition: 03
Map[0001211] GlobeQuest11                     Partition: 03
Map[0001213] GlobeDesert                      Partition: 03
Map[0001215] GlobeForest                      Partition: 03
Map[0001217] JointCanyon                      Partition: 03
Map[0001219] GlobeExit                        Partition: 03
Map[0001352] Labyrinth                        Partition: 03
Map[0001354] Labyrinth                        Partition: 03
Map[0001550] HalloweenCity1                   Partition: 03
Map[0001783] TreasureHouse1                   Partition: 03
Map[0001785] Dungeon1F                        Partition: 03
Map[0001787] Dungeon3F                        Partition: 03
Map[0001792] SwanLake                         Partition: 03
Map[0001806] OrchidGarden                     Partition: 03
Map[0001927] FrozenGrotto2                    Partition: 03
Map[0001928] ClassPKArena10                   Partition: 03
Map[0002001] IronMine2F                       Partition: 03
Map[0002002] IronMine3F                       Partition: 03
Map[0002004] IronMine3F                       Partition: 03
Map[0002006] IronMine4F                       Partition: 03
Map[0002008] IronMine4F                       Partition: 03
Map[0002010] IronMine4F                       Partition: 03
Map[0002012] IronMine4F                       Partition: 03
Map[0002020] CopperMine2F                     Partition: 03
Map[0002022] CopperMine3F                     Partition: 03
Map[0002024] CopperMine3F                     Partition: 03
Map[0002026] CopperMine4F                     Partition: 03
Map[0002028] CopperMine4F                     Partition: 03
Map[0002030] CopperMine4F                     Partition: 03
Map[0002032] CopperMine4F                     Partition: 03
Map[0002040] SilverMine2F                     Partition: 03
Map[0002042] SilverMine3F                     Partition: 03
Map[0002044] SilverMine3F                     Partition: 03
Map[0002046] SilverMine4F                     Partition: 03
Map[0002048] SilverMine4F                     Partition: 03
Map[0002050] SilverMine4F                     Partition: 03
Map[0002052] SilverMine4F                     Partition: 03
Map[0004022] HellHall                         Partition: 03
Map[0004024] RightCloister                    Partition: 03
Map[0005002] Trap                             Partition: 03
Map[0006002] MacroJail                        Partition: 03
Map[0006010] AFKerJail                        Partition: 03
