10:40:43.518 [Info      ] -   Comet: AI Server
10:40:43.545 [Info      ] -   Copyright 2022-2024 Felipe Vieira Vendramini "Konichu"
10:40:43.549 [Info      ] -   All Rights Reserved
10:40:43.550 [Info      ] - Initializing server...
10:40:45.249 [Exception ] - System.IO.DirectoryNotFoundException: Could not find a part of the path 'C:\Users\CRSGRS\Desktop\CONQUER_5187\COMETFIXED\src\Comet.AI\ini\GameMap.dat'.
   at Microsoft.Win32.SafeHandles.SafeFileHandle.CreateFile(String fullPath, FileMode mode, FileAccess access, FileShare share, FileOptions options)
   at Microsoft.Win32.SafeHandles.SafeFileHandle.Open(String fullPath, FileMode mode, FileAccess access, FileShare share, FileOptions options, Int64 preallocationSize)
   at System.IO.Strategies.OSFileStreamStrategy..ctor(String path, FileMode mode, FileAccess access, FileShare share, FileOptions options, Int64 preallocationSize)
   at System.IO.Strategies.FileStreamHelpers.ChooseStrategyCore(String path, FileMode mode, FileAccess access, FileShare share, FileOptions options, Int64 preallocationSize)
   at System.IO.Strategies.FileStreamHelpers.ChooseStrategy(FileStream fileStream, String path, FileMode mode, FileAccess access, FileShare share, Int32 bufferSize, FileOptions options, Int64 preallocationSize)
   at System.IO.File.OpenRead(String path)
   at Comet.Core.World.MapDataManager.LoadDataAsync() in C:\Users\CRSGRS\Desktop\CONQUER_5187\COMETFIXED\src\Comet.Core\World\MapDataManager.cs:line 13
   at Comet.AI.World.Managers.MapManager.LoadMapsAsync() in C:\Users\CRSGRS\Desktop\CONQUER_5187\COMETFIXED\src\Comet.AI\World\Managers\MapManager.cs:line 20
   at Comet.AI.Kernel.InitializeAsync() in C:\Users\CRSGRS\Desktop\CONQUER_5187\COMETFIXED\src\Comet.AI\Kernel.cs:line 31
10:40:45.252 [Error     ] - Could not initialize AI Server!!
10:41:15.567 [Info      ] -   Comet: AI Server
10:41:15.591 [Info      ] -   Copyright 2022-2024 Felipe Vieira Vendramini "Konichu"
10:41:15.596 [Info      ] -   All Rights Reserved
10:41:15.597 [Info      ] - Initializing server...
10:41:17.080 [Exception ] - System.IO.DirectoryNotFoundException: Could not find a part of the path 'C:\Users\CRSGRS\Desktop\CONQUER_5187\COMETFIXED\src\Comet.AI\ini\GameMap.dat'.
   at Microsoft.Win32.SafeHandles.SafeFileHandle.CreateFile(String fullPath, FileMode mode, FileAccess access, FileShare share, FileOptions options)
   at Microsoft.Win32.SafeHandles.SafeFileHandle.Open(String fullPath, FileMode mode, FileAccess access, FileShare share, FileOptions options, Int64 preallocationSize)
   at System.IO.Strategies.OSFileStreamStrategy..ctor(String path, FileMode mode, FileAccess access, FileShare share, FileOptions options, Int64 preallocationSize)
   at System.IO.Strategies.FileStreamHelpers.ChooseStrategyCore(String path, FileMode mode, FileAccess access, FileShare share, FileOptions options, Int64 preallocationSize)
   at System.IO.Strategies.FileStreamHelpers.ChooseStrategy(FileStream fileStream, String path, FileMode mode, FileAccess access, FileShare share, Int32 bufferSize, FileOptions options, Int64 preallocationSize)
   at System.IO.File.OpenRead(String path)
   at Comet.Core.World.MapDataManager.LoadDataAsync() in C:\Users\CRSGRS\Desktop\CONQUER_5187\COMETFIXED\src\Comet.Core\World\MapDataManager.cs:line 13
   at Comet.AI.World.Managers.MapManager.LoadMapsAsync() in C:\Users\CRSGRS\Desktop\CONQUER_5187\COMETFIXED\src\Comet.AI\World\Managers\MapManager.cs:line 20
   at Comet.AI.Kernel.InitializeAsync() in C:\Users\CRSGRS\Desktop\CONQUER_5187\COMETFIXED\src\Comet.AI\Kernel.cs:line 31
10:41:17.082 [Error     ] - Could not initialize AI Server!!
10:42:52.984 [Info      ] -   Comet: AI Server
10:42:53.017 [Info      ] -   Copyright 2022-2024 Felipe Vieira Vendramini "Konichu"
10:42:53.023 [Info      ] -   All Rights Reserved
10:42:53.024 [Info      ] - Initializing server...
10:42:54.573 [Debug     ] - Loading 185 maps...
10:42:55.319 [Debug     ] - Map[001000] MapDoc[1000] Desert Partition: 00 loaded...
10:42:55.384 [Debug     ] - Map[001001] MapDoc[1001] MysticCastle Partition: 01 loaded...
10:42:55.482 [Debug     ] - Map[001002] MapDoc[1002] CentralPlain Partition: 00 loaded...
10:42:55.491 [Debug     ] - Map[001003] MapDoc[1003] MineCave Partition: 01 loaded...
10:42:55.498 [Debug     ] - Map[001004] MapDoc[1004] JobCenter Partition: 00 loaded...
10:42:55.506 [Debug     ] - Map[001005] MapDoc[1005] Arena Partition: 01 loaded...
10:42:55.517 [Debug     ] - Map[001006] MapDoc[1006] Stable Partition: 00 loaded...
10:42:55.526 [Debug     ] - Map[001007] MapDoc[1007] Blachsmith Partition: 01 loaded...
10:42:55.533 [Debug     ] - Map[001008] MapDoc[1008] Grocery Partition: 00 loaded...
10:42:55.542 [Debug     ] - Map[001009] MapDoc[1009] ArmorStore Partition: 01 loaded...
10:42:55.550 [Debug     ] - Map[001010] MapDoc[1010] BirthVillage Partition: 00 loaded...
10:42:55.623 [Debug     ] - Map[001011] MapDoc[1011] Forest Partition: 01 loaded...
10:42:55.687 [Debug     ] - Map[001012] MapDoc[1012] Dreamland Partition: 00 loaded...
10:42:55.695 [Debug     ] - Map[001013] MapDoc[1013] TigerCave Partition: 01 loaded...
10:42:55.707 [Debug     ] - Map[001014] MapDoc[1014] DragonPool Partition: 00 loaded...
10:42:55.842 [Debug     ] - Map[001015] MapDoc[1015] Island Partition: 01 loaded...
10:42:55.849 [Debug     ] - Map[001016] MapDoc[1016] KylinCave Partition: 00 loaded...
10:42:55.863 [Debug     ] - Map[001018] MapDoc[1018] Arena Partition: 01 loaded...
10:42:55.929 [Debug     ] - Map[001020] MapDoc[1020] Canyon Partition: 00 loaded...
10:42:55.935 [Debug     ] - Map[001021] MapDoc[1021] CopperMine Partition: 01 loaded...
10:42:55.947 [Debug     ] - Map[001028] MapDoc[1028] IronMine Partition: 00 loaded...
10:42:55.961 [Debug     ] - Map[001027] MapDoc[1027] SilverMine Partition: 01 loaded...
10:42:55.973 [Debug     ] - Map[001026] MapDoc[1026] CopperMine Partition: 00 loaded...
10:42:55.981 [Debug     ] - Map[001025] MapDoc[1025] IronMine Partition: 01 loaded...
10:42:55.995 [Debug     ] - Map[001036] MapDoc[1036] Market Partition: 00 loaded...
10:42:56.014 [Debug     ] - Map[001038] MapDoc[1038] GuildArea Partition: 01 loaded...
10:42:56.035 [Debug     ] - Map[001039] MapDoc[1039] TrainingGround Partition: 00 loaded...
10:42:56.052 [Debug     ] - Map[001063] MapDoc[1063] AdventureIsland Partition: 01 loaded...
10:42:56.918 [Debug     ] - Map[001062] MapDoc[1062] Maze3 Partition: 00 loaded...
10:42:56.926 [Debug     ] - Map[001042] MapDoc[1042] PassPortal Partition: 01 loaded...
10:42:56.937 [Debug     ] - Map[001043] MapDoc[1043] Peace Partition: 00 loaded...
10:42:56.946 [Debug     ] - Map[001044] MapDoc[1044] Chaos Partition: 01 loaded...
10:42:56.955 [Debug     ] - Map[001045] MapDoc[1045] Deserted Partition: 00 loaded...
10:42:56.963 [Debug     ] - Map[001046] MapDoc[1046] Prosperous Partition: 01 loaded...
10:42:56.971 [Debug     ] - Map[001047] MapDoc[1047] Disturbed Partition: 00 loaded...
10:42:56.979 [Debug     ] - Map[001048] MapDoc[1048] Calmed Partition: 01 loaded...
10:42:56.989 [Debug     ] - Map[001049] MapDoc[1049] Death Partition: 00 loaded...
10:42:56.997 [Debug     ] - Map[001050] MapDoc[1050] Life Partition: 01 loaded...
10:42:57.030 [Debug     ] - Map[001051] MapDoc[1079] MysticIsland Partition: 00 loaded...
10:42:57.062 [Debug     ] - Map[001052] MapDoc[1082] TestIsland Partition: 01 loaded...
10:42:58.044 [Debug     ] - Map[001061] MapDoc[1061] Maze2 Partition: 00 loaded...
10:42:58.857 [Debug     ] - Map[001060] MapDoc[1060] Maze1 Partition: 01 loaded...
10:42:59.735 [Debug     ] - Map[001041] MapDoc[1041] PrizeClaimingMa Partition: 00 loaded...
10:42:59.769 [Debug     ] - Map[001040] MapDoc[1040] SkyCityPass Partition: 01 loaded...
10:42:59.779 [Debug     ] - Map[001070] MapDoc[1070] SnakeDen Partition: 00 loaded...
10:42:59.844 [Debug     ] - Map[001075] MapDoc[1075] NewCanyon Partition: 01 loaded...
10:42:59.905 [Debug     ] - Map[001076] MapDoc[1076] NewForest Partition: 00 loaded...
10:42:59.967 [Debug     ] - Map[001077] MapDoc[1077] NewDesert Partition: 01 loaded...
10:43:00.057 [Debug     ] - Map[001078] MapDoc[1078] NewIsland Partition: 00 loaded...
10:43:00.070 [Debug     ] - Map[001080] MapDoc[1018] Arena2 Partition: 01 loaded...
10:43:00.083 [Debug     ] - Map[001081] MapDoc[1018] Arena3 Partition: 00 loaded...
10:43:00.096 [Debug     ] - Map[001100] MapDoc[1100] MoonPlatform Partition: 01 loaded...
10:43:00.110 [Debug     ] - Map[001101] MapDoc[1101] MoonPlatform Partition: 00 loaded...
10:43:00.122 [Debug     ] - Map[001102] MapDoc[1102] MoonPlatform Partition: 01 loaded...
10:43:00.136 [Debug     ] - Map[001103] MapDoc[1103] MoonPlatform Partition: 00 loaded...
10:43:00.148 [Debug     ] - Map[001104] MapDoc[1104] MoonPlatform Partition: 01 loaded...
10:43:00.169 [Debug     ] - Map[001105] MapDoc[1105] MoonPlatform Partition: 00 loaded...
10:43:00.183 [Debug     ] - Map[001106] MapDoc[1106] MoonPlatform Partition: 01 loaded...
10:43:00.196 [Debug     ] - Map[001107] MapDoc[1107] MoonPlatform Partition: 00 loaded...
10:43:00.209 [Debug     ] - Map[001108] MapDoc[1108] MoonPlatform Partition: 01 loaded...
10:43:00.222 [Debug     ] - Map[001109] MapDoc[1109] MoonPlatform Partition: 00 loaded...
10:43:00.229 [Debug     ] - Map[005000] MapDoc[1025] NPCJail Partition: 01 loaded...
10:43:00.238 [Debug     ] - Map[006000] MapDoc[6000] PKerJail Partition: 00 loaded...
10:43:00.245 [Debug     ] - Map[006001] MapDoc[6001] Jail Partition: 01 loaded...
10:43:00.254 [Debug     ] - Map[006010] MapDoc[6000] AFKerJail Partition: 00 loaded...
10:43:00.288 [Debug     ] - Map[001201] MapDoc[1201] GlobeQuest1 Partition: 01 loaded...
10:43:00.328 [Debug     ] - Map[001202] MapDoc[1202] GlobeQuest2 Partition: 00 loaded...
10:43:00.448 [Debug     ] - Map[001204] MapDoc[1204] GlobeQuest4 Partition: 01 loaded...
10:43:00.569 [Debug     ] - Map[001205] MapDoc[1205] GlobeQuest5 Partition: 00 loaded...
10:43:00.667 [Debug     ] - Map[001207] MapDoc[1207] GlobeQuest7 Partition: 01 loaded...
10:43:00.735 [Debug     ] - Map[001208] MapDoc[1208] GlobeQuest8 Partition: 00 loaded...
10:43:00.805 [Debug     ] - Map[001210] MapDoc[1210] GlobeQuest10 Partition: 01 loaded...
10:43:00.865 [Debug     ] - Map[001211] MapDoc[1211] GlobeQuest11 Partition: 00 loaded...
10:43:01.029 [Debug     ] - Map[001212] MapDoc[1212] GlobeIsland Partition: 01 loaded...
10:43:01.114 [Debug     ] - Map[001213] MapDoc[1213] GlobeDesert Partition: 00 loaded...
10:43:01.242 [Debug     ] - Map[001214] MapDoc[1214] GlobeCanyon Partition: 01 loaded...
10:43:01.308 [Debug     ] - Map[001215] MapDoc[1215] GlobeForest Partition: 00 loaded...
10:43:01.372 [Debug     ] - Map[001216] MapDoc[1216] GlobePlain Partition: 01 loaded...
10:43:01.434 [Debug     ] - Map[001217] MapDoc[1075] JointCanyon Partition: 00 loaded...
10:43:01.444 [Debug     ] - Map[001218] MapDoc[1025] CopperMine Partition: 01 loaded...
10:43:01.636 [Debug     ] - Map[001219] MapDoc[1212] GlobeExit Partition: 00 loaded...
10:43:01.644 [Debug     ] - Map[002000] MapDoc[1500] IronMine2 Partition: 01 loaded...
10:43:01.650 [Debug     ] - Map[002001] MapDoc[1501] IronMine2F Partition: 00 loaded...
10:43:01.707 [Debug     ] - Map[001300] MapDoc[1001] DemonCave Partition: 01 loaded...
10:43:01.715 [Debug     ] - Map[002002] MapDoc[1500] IronMine3F Partition: 00 loaded...
10:43:01.724 [Debug     ] - Map[002003] MapDoc[1501] IronMine3F Partition: 01 loaded...
10:43:01.731 [Debug     ] - Map[002004] MapDoc[1500] IronMine3F Partition: 00 loaded...
10:43:01.738 [Debug     ] - Map[002005] MapDoc[1501] IronMine3F Partition: 01 loaded...
10:43:01.745 [Debug     ] - Map[002006] MapDoc[1503] IronMine4F Partition: 00 loaded...
10:43:01.753 [Debug     ] - Map[002007] MapDoc[1502] IronMine4F Partition: 01 loaded...
10:43:01.761 [Debug     ] - Map[002008] MapDoc[1503] IronMine4F Partition: 00 loaded...
10:43:01.768 [Debug     ] - Map[002009] MapDoc[1502] IronMine4F Partition: 01 loaded...
10:43:01.775 [Debug     ] - Map[002010] MapDoc[1503] IronMine4F Partition: 00 loaded...
10:43:01.783 [Debug     ] - Map[002011] MapDoc[1502] IronMine4F Partition: 01 loaded...
10:43:01.790 [Debug     ] - Map[002012] MapDoc[1503] IronMine4F Partition: 00 loaded...
10:43:01.798 [Debug     ] - Map[002013] MapDoc[1502] IronMine4F Partition: 01 loaded...
10:43:01.804 [Debug     ] - Map[002020] MapDoc[1500] CopperMine2F Partition: 00 loaded...
10:43:01.812 [Debug     ] - Map[002021] MapDoc[1501] CopperMine2F Partition: 01 loaded...
10:43:01.818 [Debug     ] - Map[002022] MapDoc[1500] CopperMine3F Partition: 00 loaded...
10:43:01.827 [Debug     ] - Map[002023] MapDoc[1501] CopperMine3F Partition: 01 loaded...
10:43:01.834 [Debug     ] - Map[002024] MapDoc[1500] CopperMine3F Partition: 00 loaded...
10:43:01.841 [Debug     ] - Map[002025] MapDoc[1501] CopperMine3F Partition: 01 loaded...
10:43:01.848 [Debug     ] - Map[002026] MapDoc[1503] CopperMine4F Partition: 00 loaded...
10:43:01.858 [Debug     ] - Map[002027] MapDoc[1502] CopperMine4F Partition: 01 loaded...
10:43:01.866 [Debug     ] - Map[002028] MapDoc[1503] CopperMine4F Partition: 00 loaded...
10:43:01.873 [Debug     ] - Map[002029] MapDoc[1502] CopperMine4F Partition: 01 loaded...
10:43:01.881 [Debug     ] - Map[002030] MapDoc[1503] CopperMine4F Partition: 00 loaded...
10:43:01.891 [Debug     ] - Map[002031] MapDoc[1502] CopperMine4F Partition: 01 loaded...
10:43:01.902 [Debug     ] - Map[002032] MapDoc[1503] CopperMine4F Partition: 00 loaded...
10:43:01.909 [Debug     ] - Map[002033] MapDoc[1502] CopperMine4F Partition: 01 loaded...
10:43:01.917 [Debug     ] - Map[002040] MapDoc[1500] SilverMine2F Partition: 00 loaded...
10:43:01.924 [Debug     ] - Map[002041] MapDoc[1501] SilverMine2F Partition: 01 loaded...
10:43:01.932 [Debug     ] - Map[002042] MapDoc[1500] SilverMine3F Partition: 00 loaded...
10:43:01.939 [Debug     ] - Map[002043] MapDoc[1501] SilverMine3F Partition: 01 loaded...
10:43:01.945 [Debug     ] - Map[002044] MapDoc[1500] SilverMine3F Partition: 00 loaded...
10:43:01.952 [Debug     ] - Map[002045] MapDoc[1501] SilverMine3F Partition: 01 loaded...
10:43:01.961 [Debug     ] - Map[002046] MapDoc[1503] SilverMine4F Partition: 00 loaded...
10:43:01.968 [Debug     ] - Map[002047] MapDoc[1502] SilverMine4F Partition: 01 loaded...
10:43:01.974 [Debug     ] - Map[002048] MapDoc[1503] SilverMine4F Partition: 00 loaded...
10:43:01.982 [Debug     ] - Map[002049] MapDoc[1502] SilverMine4F Partition: 01 loaded...
10:43:01.991 [Debug     ] - Map[002050] MapDoc[1503] SilverMine4F Partition: 00 loaded...
10:43:01.998 [Debug     ] - Map[002051] MapDoc[1502] SilverMine4F Partition: 01 loaded...
10:43:02.005 [Debug     ] - Map[002052] MapDoc[1503] SilverMine4F Partition: 00 loaded...
10:43:02.013 [Debug     ] - Map[002053] MapDoc[1502] SilverMine4F Partition: 01 loaded...
10:43:02.021 [Debug     ] - Map[006002] MapDoc[6000] MacroJail Partition: 00 loaded...
10:43:02.041 [Debug     ] - Map[001351] MapDoc[1351] Labyrinth Partition: 01 loaded...
10:43:02.075 [Debug     ] - Map[001352] MapDoc[1352] Labyrinth Partition: 00 loaded...
10:43:02.136 [Debug     ] - Map[001353] MapDoc[1353] Labyrinth Partition: 01 loaded...
10:43:02.194 [Debug     ] - Map[001354] MapDoc[1354] Labyrinth Partition: 00 loaded...
10:43:02.200 [Debug     ] - Map[001095] MapDoc[1091] Arena2 Partition: 01 loaded...
10:43:02.211 [Debug     ] - Map[001094] MapDoc[1090] Arena1 Partition: 00 loaded...
10:43:02.216 [Debug     ] - Map[001093] MapDoc[1091] Arena2 Partition: 01 loaded...
10:43:02.227 [Debug     ] - Map[001092] MapDoc[1090] Arena1 Partition: 00 loaded...
10:43:02.232 [Debug     ] - Map[001091] MapDoc[1091] Arena2 Partition: 01 loaded...
10:43:02.241 [Debug     ] - Map[001090] MapDoc[1090] Arena1 Partition: 00 loaded...
10:43:02.253 [Debug     ] - Map[001505] MapDoc[1505] CityArena1 Partition: 01 loaded...
10:43:02.265 [Debug     ] - Map[001515] MapDoc[1505] CityArena1 Partition: 00 loaded...
10:43:02.279 [Debug     ] - Map[001525] MapDoc[1505] CityArena1 Partition: 01 loaded...
10:43:02.287 [Debug     ] - Map[001506] MapDoc[1506] CityArena2 Partition: 00 loaded...
10:43:02.295 [Debug     ] - Map[001516] MapDoc[1506] CityArena2 Partition: 01 loaded...
10:43:02.302 [Debug     ] - Map[001526] MapDoc[1506] CityArena2 Partition: 00 loaded...
10:43:02.309 [Debug     ] - Map[001511] MapDoc[1004] FurnitureStore Partition: 01 loaded...
10:43:02.319 [Debug     ] - Map[001528] MapDoc[1508] CityArena4 Partition: 00 loaded...
10:43:02.328 [Debug     ] - Map[001518] MapDoc[1508] CityArena4 Partition: 01 loaded...
10:43:02.338 [Debug     ] - Map[001508] MapDoc[1508] CityArena4 Partition: 00 loaded...
10:43:02.348 [Debug     ] - Map[001451] MapDoc[1017] MeteorArena Partition: 01 loaded...
10:43:02.360 [Debug     ] - Map[004025] MapDoc[2024] BattleFormation Partition: 00 loaded...
10:43:02.392 [Debug     ] - Map[004024] MapDoc[2023] RightCloister Partition: 01 loaded...
10:43:02.424 [Debug     ] - Map[004023] MapDoc[2023] LeftCloister Partition: 00 loaded...
10:43:02.441 [Debug     ] - Map[004022] MapDoc[2022] HellHall Partition: 01 loaded...
10:43:02.472 [Debug     ] - Map[004021] MapDoc[2021] HellGate Partition: 00 loaded...
10:43:02.535 [Debug     ] - Map[005002] MapDoc[1002] Trap Partition: 01 loaded...
10:43:02.552 [Debug     ] - Map[001551] MapDoc[1551] HalloweenCity1 Partition: 00 loaded...
10:43:02.567 [Debug     ] - Map[001550] MapDoc[1550] HalloweenCity1 Partition: 01 loaded...
10:43:02.573 [Debug     ] - Map[000700] MapDoc[0700] LotteryMap Partition: 00 loaded...
10:43:02.677 [Debug     ] - Map[001700] MapDoc[1700] EvilAbyss Partition: 01 loaded...
10:43:02.684 [Debug     ] - Map[001500] MapDoc[1734] ClassPKArena1 Partition: 00 loaded...
10:43:02.691 [Debug     ] - Map[001501] MapDoc[1730] ClassPKArena2 Partition: 01 loaded...
10:43:02.698 [Debug     ] - Map[001502] MapDoc[1735] ClassPKArena3 Partition: 00 loaded...
10:43:02.703 [Debug     ] - Map[001837] MapDoc[1734] ClassPKArena4 Partition: 01 loaded...
10:43:02.709 [Debug     ] - Map[001838] MapDoc[1730] ClassPKArena5 Partition: 00 loaded...
10:43:02.715 [Debug     ] - Map[001839] MapDoc[1735] ClassPKArena6 Partition: 01 loaded...
10:43:02.721 [Debug     ] - Map[001928] MapDoc[1735] ClassPKArena10 Partition: 00 loaded...
10:43:02.727 [Debug     ] - Map[001946] MapDoc[1730] ClassPKArena7 Partition: 01 loaded...
10:43:02.733 [Debug     ] - Map[001947] MapDoc[1730] ClassPKArena8 Partition: 00 loaded...
10:43:02.738 [Debug     ] - Map[001948] MapDoc[1730] ClassPKArena9 Partition: 01 loaded...
10:43:02.744 [Debug     ] - Map[003000] MapDoc[1734] ClassPKArena10 Partition: 00 loaded...
10:43:02.749 [Debug     ] - Map[003001] MapDoc[1730] ClassPKArena11 Partition: 01 loaded...
10:43:02.755 [Debug     ] - Map[003002] MapDoc[1735] ClassPKArena12 Partition: 00 loaded...
10:43:02.762 [Debug     ] - Map[003003] MapDoc[1730] ClassPKArena13 Partition: 01 loaded...
10:43:02.768 [Debug     ] - Map[003004] MapDoc[1734] ClassPKArena14 Partition: 00 loaded...
10:43:02.774 [Debug     ] - Map[003005] MapDoc[1730] ClassPKArena15 Partition: 01 loaded...
10:43:02.783 [Debug     ] - Map[003006] MapDoc[1735] ClassPKArena16 Partition: 00 loaded...
10:43:02.789 [Debug     ] - Map[003007] MapDoc[1730] ClassPKArena17 Partition: 01 loaded...
10:43:02.796 [Debug     ] - Map[003008] MapDoc[1734] ClassPKArena18 Partition: 00 loaded...
10:43:02.801 [Debug     ] - Map[003009] MapDoc[1730] ClassPKArena19 Partition: 01 loaded...
10:43:02.808 [Debug     ] - Map[003010] MapDoc[1735] ClassPKArena20 Partition: 00 loaded...
10:43:02.814 [Debug     ] - Map[003011] MapDoc[1730] ClassPKArena21 Partition: 01 loaded...
10:43:02.819 [Debug     ] - Map[003012] MapDoc[1734] ClassPKArena22 Partition: 00 loaded...
10:43:02.826 [Debug     ] - Map[003013] MapDoc[1730] ClassPKArena23 Partition: 01 loaded...
10:43:02.832 [Debug     ] - Map[003014] MapDoc[1735] ClassPKArena24 Partition: 00 loaded...
10:43:02.838 [Debug     ] - Map[003015] MapDoc[1730] ClassPKArena25 Partition: 01 loaded...
10:43:02.844 [Debug     ] - Map[003016] MapDoc[1734] ClassPKWarArena26 Partition: 00 loaded...
10:43:02.849 [Debug     ] - Map[003017] MapDoc[1730] ClassPKWarArena27 Partition: 01 loaded...
10:43:02.855 [Debug     ] - Map[003018] MapDoc[1735] ClassPKWarArena28 Partition: 00 loaded...
10:43:02.861 [Debug     ] - Map[003019] MapDoc[1730] ClassPKWarArena29 Partition: 01 loaded...
10:43:02.867 [Debug     ] - Map[003862] MapDoc[1734] ClassPKArena34 Partition: 00 loaded...
10:43:02.873 [Debug     ] - Map[003863] MapDoc[1730] ClassPKArena35 Partition: 01 loaded...
10:43:02.878 [Debug     ] - Map[003864] MapDoc[1735] ClassPKArena36 Partition: 00 loaded...
10:43:02.883 [Debug     ] - Map[003865] MapDoc[1730] ClassPKArena37 Partition: 01 loaded...
10:43:02.889 [Debug     ] - Map[009903] MapDoc[1734] ClassPKArena30 Partition: 00 loaded...
10:43:02.895 [Debug     ] - Map[009904] MapDoc[1730] ClassPKArena31 Partition: 01 loaded...
10:43:02.900 [Debug     ] - Map[009905] MapDoc[1735] ClassPKArena32 Partition: 00 loaded...
10:43:02.906 [Debug     ] - Map[009906] MapDoc[1730] ClassPKArena33 Partition: 01 loaded...
10:43:02.912 [Debug     ] - Map[010392] MapDoc[1734] ClassPKArena42 Partition: 00 loaded...
10:43:02.917 [Debug     ] - Map[010393] MapDoc[1730] ClassPKArena43 Partition: 01 loaded...
10:43:02.923 [Debug     ] - Map[010394] MapDoc[1735] ClassPKArena44 Partition: 00 loaded...
10:43:02.929 [Debug     ] - Map[010395] MapDoc[1730] ClassPKArena45 Partition: 01 loaded...
10:43:02.930 [Warning   ] - Could not load map 2058(2071): map data not found
10:43:02.931 [Error     ] - Could not load 
10:43:02.966 [Debug     ] - Map[001762] MapDoc[1762] FrozenGrotto1 Partition: 00 loaded...
10:43:02.999 [Debug     ] - Map[001927] MapDoc[1762] FrozenGrotto2 Partition: 01 loaded...
10:43:03.000 [Warning   ] - Could not load map 1999(1999): map data not found
10:43:03.001 [Error     ] - Could not load 
10:43:03.001 [Warning   ] - Could not load map 2054(2054): map data not found
10:43:03.004 [Error     ] - Could not load 
10:43:03.005 [Warning   ] - Could not load map 2055(2055): map data not found
10:43:03.006 [Error     ] - Could not load 
10:43:03.007 [Warning   ] - Could not load map 2056(2056): map data not found
10:43:03.007 [Error     ] - Could not load 
10:43:03.008 [Warning   ] - Could not load map 2057(2057): map data not found
10:43:03.009 [Error     ] - Could not load 
10:43:03.010 [Warning   ] - Could not load map 2071(2071): map data not found
10:43:03.011 [Error     ] - Could not load 
10:43:03.011 [Warning   ] - Could not load map 2072(2071): map data not found
10:43:03.012 [Error     ] - Could not load 
10:43:03.013 [Warning   ] - Could not load map 2073(2071): map data not found
10:43:03.014 [Error     ] - Could not load 
10:43:03.015 [Warning   ] - Could not load map 2074(2071): map data not found
10:43:03.015 [Error     ] - Could not load 
10:43:03.016 [Warning   ] - Could not load map 2060(2060): map data not found
10:43:03.017 [Error     ] - Could not load 
10:43:03.028 [Debug     ] - Map[000601] MapDoc[0601] OfflineTG Partition: 00 loaded...
10:43:03.037 [Debug     ] - Map[001072] MapDoc[1508] CityArena4 Partition: 01 loaded...
10:43:03.043 [Debug     ] - Map[002080] MapDoc[0700] LineSkillPKTournamentMap Partition: 00 loaded...
10:43:03.060 [Debug     ] - Map[001806] MapDoc[1806] OrchidGarden Partition: 01 loaded...
10:43:03.068 [Debug     ] - Map[001782] MapDoc[1004] TreasureHouse Partition: 00 loaded...
10:43:03.075 [Debug     ] - Map[001783] MapDoc[1004] TreasureHouse1 Partition: 01 loaded...
10:43:03.082 [Debug     ] - Map[001784] MapDoc[0601] Hut Partition: 00 loaded...
10:43:03.090 [Debug     ] - Map[001785] MapDoc[1785] Dungeon1F Partition: 01 loaded...
10:43:03.098 [Debug     ] - Map[001786] MapDoc[1786] Dungeon2F Partition: 00 loaded...
10:43:03.104 [Debug     ] - Map[001787] MapDoc[1787] Dungeon3F Partition: 01 loaded...
10:43:03.114 [Debug     ] - Map[001794] MapDoc[1028] ViperCave Partition: 00 loaded...
10:43:03.124 [Debug     ] - Map[001792] MapDoc[1014] SwanLake Partition: 01 loaded...
10:43:03.132 [Debug     ] - Map[001791] MapDoc[1765] RoseGarden Partition: 00 loaded...
10:43:03.139 [Debug     ] - Map[900000] MapDoc[900000] PlayersArena Partition: 01 loaded...
10:43:03.145 [Debug     ] - Map[001863] MapDoc[1730] TwinCityArena Partition: 00 loaded...
10:43:03.151 [Debug     ] - Map[001864] MapDoc[1730] WindPlainArena Partition: 01 loaded...
10:43:03.165 [Debug     ] - Map[001868] MapDoc[1733] PhoenixCastleArena Partition: 00 loaded...
10:43:03.172 [Debug     ] - Map[001869] MapDoc[1733] MapleForestArena Partition: 01 loaded...
10:43:03.178 [Debug     ] - Map[001873] MapDoc[1735] ApeCityArena Partition: 00 loaded...
10:43:03.184 [Debug     ] - Map[001874] MapDoc[1735] LoveCanyonArena Partition: 01 loaded...
10:43:03.192 [Debug     ] - Map[001878] MapDoc[1737] BirdIslandArena Partition: 00 loaded...
10:43:03.198 [Debug     ] - Map[001879] MapDoc[1737] BirdIslandArena Partition: 01 loaded...
10:43:03.206 [Debug     ] - Map[001883] MapDoc[1732] DesertCityArena Partition: 00 loaded...
10:43:03.211 [Debug     ] - Map[001884] MapDoc[1732] DesertArena Partition: 01 loaded...
10:43:03.274 [Debug     ] - Map[002075] MapDoc[1002] CastleWar Partition: 00 loaded...
10:43:03.296 [Warning   ] - Could not load map 1000000(0): map data not found
10:43:03.400 [Error     ] - Could not load monster (21) for generator (125)
10:43:03.400 [Error     ] - Could not load monster (22) for generator (126)
10:43:03.401 [Error     ] - Could not load monster (23) for generator (127)
10:43:03.402 [Error     ] - Could not load monster (24) for generator (128)
10:43:03.402 [Error     ] - Could not load monster (21) for generator (185)
10:43:03.403 [Error     ] - Could not load monster (22) for generator (186)
10:43:03.403 [Error     ] - Could not load monster (23) for generator (187)
10:43:03.404 [Error     ] - Could not load monster (24) for generator (188)
10:43:03.404 [Error     ] - Could not load monster (26) for generator (190)
10:43:03.405 [Error     ] - Could not load monster (27) for generator (191)
10:43:03.405 [Error     ] - Could not load monster (28) for generator (192)
10:43:03.406 [Error     ] - Could not load monster (29) for generator (193)
10:43:03.406 [Error     ] - Could not load monster (7006) for generator (341)
10:43:03.407 [Error     ] - Could not load monster (3526) for generator (1600)
10:43:03.407 [Error     ] - Could not load monster (3526) for generator (1601)
10:43:03.408 [Error     ] - Could not load monster (3526) for generator (1602)
10:43:03.408 [Error     ] - Could not load monster (3550) for generator (1650)
10:43:03.409 [Error     ] - Could not load monster (3551) for generator (1651)
10:43:03.409 [Error     ] - Could not load monster (2093) for generator (3910)
10:43:03.410 [Error     ] - Could not load monster (2093) for generator (3911)
10:43:03.410 [Error     ] - Could not load monster (2094) for generator (3912)
10:43:03.411 [Error     ] - Could not load monster (2094) for generator (3913)
10:43:03.411 [Error     ] - Could not load monster (2094) for generator (3914)
10:43:03.412 [Error     ] - Could not load monster (2094) for generator (3915)
10:43:03.413 [Error     ] - Could not load monster (2094) for generator (3916)
10:43:03.413 [Error     ] - Could not load monster (2094) for generator (3917)
10:43:03.414 [Error     ] - Could not load monster (2094) for generator (3918)
10:43:03.414 [Error     ] - Could not load monster (2095) for generator (3920)
10:43:03.415 [Error     ] - Could not load monster (2095) for generator (3921)
10:43:03.415 [Error     ] - Could not load monster (2095) for generator (3922)
10:43:03.416 [Error     ] - Could not load monster (2095) for generator (3923)
10:43:03.416 [Error     ] - Could not load monster (2095) for generator (3924)
10:43:03.417 [Error     ] - Could not load monster (2095) for generator (3925)
10:43:03.417 [Error     ] - Could not load monster (2095) for generator (3926)
10:43:03.418 [Error     ] - Could not load monster (2095) for generator (3927)
10:43:03.418 [Error     ] - Could not load monster (2095) for generator (3928)
10:43:03.419 [Error     ] - Could not load monster (2095) for generator (3929)
10:43:03.420 [Error     ] - Could not load map (2060) for generator (20344)
10:43:03.421 [Error     ] - Could not load map (2060) for generator (20345)
10:43:03.422 [Error     ] - Could not load map (2060) for generator (20347)
10:43:03.434 [Error     ] - Could not load map (2060) for generator (20348)
10:43:03.434 [Error     ] - Could not load map (2060) for generator (20349)
10:43:03.435 [Error     ] - Could not load map (2060) for generator (20350)
10:43:03.436 [Info      ] - Timer [Common Thread] has started
10:43:03.437 [Info      ] - Timer [Ai Thread] has started
10:43:03.438 [Info      ] - Timer [Generator Thread] has started
10:43:04.449 [Info      ] - Attempting connection with the account server on [192.168.0.106:8650]...
10:43:05.972 [Info      ] - Connected to the Game server!
10:43:05.988 [Info      ] - Accepted on the game server!
10:43:05.990 [Info      ] - Sending data to game server...
10:43:05.996 [Info      ] - Total 0 NPCs sent to the game server!!!
10:43:05.997 [Info      ] - Finished data sync
10:47:20.036 [Info      ] -   Comet: AI Server
10:47:20.067 [Info      ] -   Copyright 2022-2024 Felipe Vieira Vendramini "Konichu"
10:47:20.073 [Info      ] -   All Rights Reserved
10:47:20.074 [Info      ] - Initializing server...
10:47:21.626 [Debug     ] - Loading 185 maps...
10:47:22.332 [Debug     ] - Map[001000] MapDoc[1000] Desert Partition: 00 loaded...
10:47:22.394 [Debug     ] - Map[001001] MapDoc[1001] MysticCastle Partition: 01 loaded...
10:47:22.495 [Debug     ] - Map[001002] MapDoc[1002] CentralPlain Partition: 00 loaded...
10:47:22.504 [Debug     ] - Map[001003] MapDoc[1003] MineCave Partition: 01 loaded...
10:47:22.511 [Debug     ] - Map[001004] MapDoc[1004] JobCenter Partition: 00 loaded...
10:47:22.519 [Debug     ] - Map[001005] MapDoc[1005] Arena Partition: 01 loaded...
10:47:22.526 [Debug     ] - Map[001006] MapDoc[1006] Stable Partition: 00 loaded...
10:47:22.534 [Debug     ] - Map[001007] MapDoc[1007] Blachsmith Partition: 01 loaded...
10:47:22.540 [Debug     ] - Map[001008] MapDoc[1008] Grocery Partition: 00 loaded...
10:47:22.547 [Debug     ] - Map[001009] MapDoc[1009] ArmorStore Partition: 01 loaded...
10:47:22.556 [Debug     ] - Map[001010] MapDoc[1010] BirthVillage Partition: 00 loaded...
10:47:22.629 [Debug     ] - Map[001011] MapDoc[1011] Forest Partition: 01 loaded...
10:47:22.694 [Debug     ] - Map[001012] MapDoc[1012] Dreamland Partition: 00 loaded...
10:47:22.702 [Debug     ] - Map[001013] MapDoc[1013] TigerCave Partition: 01 loaded...
10:47:22.711 [Debug     ] - Map[001014] MapDoc[1014] DragonPool Partition: 00 loaded...
10:47:22.853 [Debug     ] - Map[001015] MapDoc[1015] Island Partition: 01 loaded...
10:47:22.860 [Debug     ] - Map[001016] MapDoc[1016] KylinCave Partition: 00 loaded...
10:47:22.874 [Debug     ] - Map[001018] MapDoc[1018] Arena Partition: 01 loaded...
10:47:22.937 [Debug     ] - Map[001020] MapDoc[1020] Canyon Partition: 00 loaded...
10:47:22.944 [Debug     ] - Map[001021] MapDoc[1021] CopperMine Partition: 01 loaded...
10:47:22.952 [Debug     ] - Map[001028] MapDoc[1028] IronMine Partition: 00 loaded...
10:47:22.962 [Debug     ] - Map[001027] MapDoc[1027] SilverMine Partition: 01 loaded...
10:47:22.971 [Debug     ] - Map[001026] MapDoc[1026] CopperMine Partition: 00 loaded...
10:47:22.979 [Debug     ] - Map[001025] MapDoc[1025] IronMine Partition: 01 loaded...
10:47:22.993 [Debug     ] - Map[001036] MapDoc[1036] Market Partition: 00 loaded...
10:47:23.011 [Debug     ] - Map[001038] MapDoc[1038] GuildArea Partition: 01 loaded...
10:47:23.032 [Debug     ] - Map[001039] MapDoc[1039] TrainingGround Partition: 00 loaded...
10:47:23.051 [Debug     ] - Map[001063] MapDoc[1063] AdventureIsland Partition: 01 loaded...
10:47:23.987 [Debug     ] - Map[001062] MapDoc[1062] Maze3 Partition: 00 loaded...
10:47:23.994 [Debug     ] - Map[001042] MapDoc[1042] PassPortal Partition: 01 loaded...
10:47:24.003 [Debug     ] - Map[001043] MapDoc[1043] Peace Partition: 00 loaded...
10:47:24.012 [Debug     ] - Map[001044] MapDoc[1044] Chaos Partition: 01 loaded...
10:47:24.020 [Debug     ] - Map[001045] MapDoc[1045] Deserted Partition: 00 loaded...
10:47:24.028 [Debug     ] - Map[001046] MapDoc[1046] Prosperous Partition: 01 loaded...
10:47:24.036 [Debug     ] - Map[001047] MapDoc[1047] Disturbed Partition: 00 loaded...
10:47:24.044 [Debug     ] - Map[001048] MapDoc[1048] Calmed Partition: 01 loaded...
10:47:24.053 [Debug     ] - Map[001049] MapDoc[1049] Death Partition: 00 loaded...
10:47:24.061 [Debug     ] - Map[001050] MapDoc[1050] Life Partition: 01 loaded...
10:47:24.095 [Debug     ] - Map[001051] MapDoc[1079] MysticIsland Partition: 00 loaded...
10:47:24.124 [Debug     ] - Map[001052] MapDoc[1082] TestIsland Partition: 01 loaded...
10:47:25.047 [Debug     ] - Map[001061] MapDoc[1061] Maze2 Partition: 00 loaded...
10:47:25.880 [Debug     ] - Map[001060] MapDoc[1060] Maze1 Partition: 01 loaded...
10:47:26.788 [Debug     ] - Map[001041] MapDoc[1041] PrizeClaimingMa Partition: 00 loaded...
10:47:26.824 [Debug     ] - Map[001040] MapDoc[1040] SkyCityPass Partition: 01 loaded...
10:47:26.836 [Debug     ] - Map[001070] MapDoc[1070] SnakeDen Partition: 00 loaded...
10:47:26.904 [Debug     ] - Map[001075] MapDoc[1075] NewCanyon Partition: 01 loaded...
10:47:26.967 [Debug     ] - Map[001076] MapDoc[1076] NewForest Partition: 00 loaded...
10:47:27.037 [Debug     ] - Map[001077] MapDoc[1077] NewDesert Partition: 01 loaded...
10:47:27.131 [Debug     ] - Map[001078] MapDoc[1078] NewIsland Partition: 00 loaded...
10:47:27.144 [Debug     ] - Map[001080] MapDoc[1018] Arena2 Partition: 01 loaded...
10:47:27.158 [Debug     ] - Map[001081] MapDoc[1018] Arena3 Partition: 00 loaded...
10:47:27.171 [Debug     ] - Map[001100] MapDoc[1100] MoonPlatform Partition: 01 loaded...
10:47:27.187 [Debug     ] - Map[001101] MapDoc[1101] MoonPlatform Partition: 00 loaded...
10:47:27.199 [Debug     ] - Map[001102] MapDoc[1102] MoonPlatform Partition: 01 loaded...
10:47:27.212 [Debug     ] - Map[001103] MapDoc[1103] MoonPlatform Partition: 00 loaded...
10:47:27.225 [Debug     ] - Map[001104] MapDoc[1104] MoonPlatform Partition: 01 loaded...
10:47:27.245 [Debug     ] - Map[001105] MapDoc[1105] MoonPlatform Partition: 00 loaded...
10:47:27.265 [Debug     ] - Map[001106] MapDoc[1106] MoonPlatform Partition: 01 loaded...
10:47:27.278 [Debug     ] - Map[001107] MapDoc[1107] MoonPlatform Partition: 00 loaded...
10:47:27.292 [Debug     ] - Map[001108] MapDoc[1108] MoonPlatform Partition: 01 loaded...
10:47:27.305 [Debug     ] - Map[001109] MapDoc[1109] MoonPlatform Partition: 00 loaded...
10:47:27.312 [Debug     ] - Map[005000] MapDoc[1025] NPCJail Partition: 01 loaded...
10:47:27.332 [Debug     ] - Map[006000] MapDoc[6000] PKerJail Partition: 00 loaded...
10:47:27.339 [Debug     ] - Map[006001] MapDoc[6001] Jail Partition: 01 loaded...
10:47:27.347 [Debug     ] - Map[006010] MapDoc[6000] AFKerJail Partition: 00 loaded...
10:47:27.375 [Debug     ] - Map[001201] MapDoc[1201] GlobeQuest1 Partition: 01 loaded...
10:47:27.411 [Debug     ] - Map[001202] MapDoc[1202] GlobeQuest2 Partition: 00 loaded...
10:47:27.529 [Debug     ] - Map[001204] MapDoc[1204] GlobeQuest4 Partition: 01 loaded...
10:47:27.644 [Debug     ] - Map[001205] MapDoc[1205] GlobeQuest5 Partition: 00 loaded...
10:47:27.740 [Debug     ] - Map[001207] MapDoc[1207] GlobeQuest7 Partition: 01 loaded...
10:47:27.809 [Debug     ] - Map[001208] MapDoc[1208] GlobeQuest8 Partition: 00 loaded...
10:47:27.888 [Debug     ] - Map[001210] MapDoc[1210] GlobeQuest10 Partition: 01 loaded...
10:47:27.951 [Debug     ] - Map[001211] MapDoc[1211] GlobeQuest11 Partition: 00 loaded...
10:47:28.176 [Debug     ] - Map[001212] MapDoc[1212] GlobeIsland Partition: 01 loaded...
10:47:28.262 [Debug     ] - Map[001213] MapDoc[1213] GlobeDesert Partition: 00 loaded...
10:47:28.412 [Debug     ] - Map[001214] MapDoc[1214] GlobeCanyon Partition: 01 loaded...
10:47:28.484 [Debug     ] - Map[001215] MapDoc[1215] GlobeForest Partition: 00 loaded...
10:47:28.550 [Debug     ] - Map[001216] MapDoc[1216] GlobePlain Partition: 01 loaded...
10:47:28.624 [Debug     ] - Map[001217] MapDoc[1075] JointCanyon Partition: 00 loaded...
10:47:28.634 [Debug     ] - Map[001218] MapDoc[1025] CopperMine Partition: 01 loaded...
10:47:28.825 [Debug     ] - Map[001219] MapDoc[1212] GlobeExit Partition: 00 loaded...
10:47:28.834 [Debug     ] - Map[002000] MapDoc[1500] IronMine2 Partition: 01 loaded...
10:47:28.841 [Debug     ] - Map[002001] MapDoc[1501] IronMine2F Partition: 00 loaded...
10:47:28.898 [Debug     ] - Map[001300] MapDoc[1001] DemonCave Partition: 01 loaded...
10:47:28.912 [Debug     ] - Map[002002] MapDoc[1500] IronMine3F Partition: 00 loaded...
10:47:28.920 [Debug     ] - Map[002003] MapDoc[1501] IronMine3F Partition: 01 loaded...
10:47:28.927 [Debug     ] - Map[002004] MapDoc[1500] IronMine3F Partition: 00 loaded...
10:47:28.935 [Debug     ] - Map[002005] MapDoc[1501] IronMine3F Partition: 01 loaded...
10:47:28.943 [Debug     ] - Map[002006] MapDoc[1503] IronMine4F Partition: 00 loaded...
10:47:28.951 [Debug     ] - Map[002007] MapDoc[1502] IronMine4F Partition: 01 loaded...
10:47:28.958 [Debug     ] - Map[002008] MapDoc[1503] IronMine4F Partition: 00 loaded...
10:47:28.967 [Debug     ] - Map[002009] MapDoc[1502] IronMine4F Partition: 01 loaded...
10:47:28.976 [Debug     ] - Map[002010] MapDoc[1503] IronMine4F Partition: 00 loaded...
10:47:28.984 [Debug     ] - Map[002011] MapDoc[1502] IronMine4F Partition: 01 loaded...
10:47:28.992 [Debug     ] - Map[002012] MapDoc[1503] IronMine4F Partition: 00 loaded...
10:47:29.000 [Debug     ] - Map[002013] MapDoc[1502] IronMine4F Partition: 01 loaded...
10:47:29.009 [Debug     ] - Map[002020] MapDoc[1500] CopperMine2F Partition: 00 loaded...
10:47:29.017 [Debug     ] - Map[002021] MapDoc[1501] CopperMine2F Partition: 01 loaded...
10:47:29.026 [Debug     ] - Map[002022] MapDoc[1500] CopperMine3F Partition: 00 loaded...
10:47:29.034 [Debug     ] - Map[002023] MapDoc[1501] CopperMine3F Partition: 01 loaded...
10:47:29.041 [Debug     ] - Map[002024] MapDoc[1500] CopperMine3F Partition: 00 loaded...
10:47:29.050 [Debug     ] - Map[002025] MapDoc[1501] CopperMine3F Partition: 01 loaded...
10:47:29.057 [Debug     ] - Map[002026] MapDoc[1503] CopperMine4F Partition: 00 loaded...
10:47:29.065 [Debug     ] - Map[002027] MapDoc[1502] CopperMine4F Partition: 01 loaded...
10:47:29.072 [Debug     ] - Map[002028] MapDoc[1503] CopperMine4F Partition: 00 loaded...
10:47:29.080 [Debug     ] - Map[002029] MapDoc[1502] CopperMine4F Partition: 01 loaded...
10:47:29.087 [Debug     ] - Map[002030] MapDoc[1503] CopperMine4F Partition: 00 loaded...
10:47:29.095 [Debug     ] - Map[002031] MapDoc[1502] CopperMine4F Partition: 01 loaded...
10:47:29.106 [Debug     ] - Map[002032] MapDoc[1503] CopperMine4F Partition: 00 loaded...
10:47:29.114 [Debug     ] - Map[002033] MapDoc[1502] CopperMine4F Partition: 01 loaded...
10:47:29.123 [Debug     ] - Map[002040] MapDoc[1500] SilverMine2F Partition: 00 loaded...
10:47:29.130 [Debug     ] - Map[002041] MapDoc[1501] SilverMine2F Partition: 01 loaded...
10:47:29.138 [Debug     ] - Map[002042] MapDoc[1500] SilverMine3F Partition: 00 loaded...
10:47:29.145 [Debug     ] - Map[002043] MapDoc[1501] SilverMine3F Partition: 01 loaded...
10:47:29.153 [Debug     ] - Map[002044] MapDoc[1500] SilverMine3F Partition: 00 loaded...
10:47:29.160 [Debug     ] - Map[002045] MapDoc[1501] SilverMine3F Partition: 01 loaded...
10:47:29.168 [Debug     ] - Map[002046] MapDoc[1503] SilverMine4F Partition: 00 loaded...
10:47:29.175 [Debug     ] - Map[002047] MapDoc[1502] SilverMine4F Partition: 01 loaded...
10:47:29.182 [Debug     ] - Map[002048] MapDoc[1503] SilverMine4F Partition: 00 loaded...
10:47:29.190 [Debug     ] - Map[002049] MapDoc[1502] SilverMine4F Partition: 01 loaded...
10:47:29.197 [Debug     ] - Map[002050] MapDoc[1503] SilverMine4F Partition: 00 loaded...
10:47:29.205 [Debug     ] - Map[002051] MapDoc[1502] SilverMine4F Partition: 01 loaded...
10:47:29.211 [Debug     ] - Map[002052] MapDoc[1503] SilverMine4F Partition: 00 loaded...
10:47:29.221 [Debug     ] - Map[002053] MapDoc[1502] SilverMine4F Partition: 01 loaded...
10:47:29.227 [Debug     ] - Map[006002] MapDoc[6000] MacroJail Partition: 00 loaded...
10:47:29.246 [Debug     ] - Map[001351] MapDoc[1351] Labyrinth Partition: 01 loaded...
10:47:29.278 [Debug     ] - Map[001352] MapDoc[1352] Labyrinth Partition: 00 loaded...
10:47:29.340 [Debug     ] - Map[001353] MapDoc[1353] Labyrinth Partition: 01 loaded...
10:47:29.396 [Debug     ] - Map[001354] MapDoc[1354] Labyrinth Partition: 00 loaded...
10:47:29.403 [Debug     ] - Map[001095] MapDoc[1091] Arena2 Partition: 01 loaded...
10:47:29.412 [Debug     ] - Map[001094] MapDoc[1090] Arena1 Partition: 00 loaded...
10:47:29.418 [Debug     ] - Map[001093] MapDoc[1091] Arena2 Partition: 01 loaded...
10:47:29.428 [Debug     ] - Map[001092] MapDoc[1090] Arena1 Partition: 00 loaded...
10:47:29.434 [Debug     ] - Map[001091] MapDoc[1091] Arena2 Partition: 01 loaded...
10:47:29.444 [Debug     ] - Map[001090] MapDoc[1090] Arena1 Partition: 00 loaded...
10:47:29.456 [Debug     ] - Map[001505] MapDoc[1505] CityArena1 Partition: 01 loaded...
10:47:29.468 [Debug     ] - Map[001515] MapDoc[1505] CityArena1 Partition: 00 loaded...
10:47:29.481 [Debug     ] - Map[001525] MapDoc[1505] CityArena1 Partition: 01 loaded...
10:47:29.491 [Debug     ] - Map[001506] MapDoc[1506] CityArena2 Partition: 00 loaded...
10:47:29.500 [Debug     ] - Map[001516] MapDoc[1506] CityArena2 Partition: 01 loaded...
10:47:29.507 [Debug     ] - Map[001526] MapDoc[1506] CityArena2 Partition: 00 loaded...
10:47:29.516 [Debug     ] - Map[001511] MapDoc[1004] FurnitureStore Partition: 01 loaded...
10:47:29.526 [Debug     ] - Map[001528] MapDoc[1508] CityArena4 Partition: 00 loaded...
10:47:29.534 [Debug     ] - Map[001518] MapDoc[1508] CityArena4 Partition: 01 loaded...
10:47:29.543 [Debug     ] - Map[001508] MapDoc[1508] CityArena4 Partition: 00 loaded...
10:47:29.552 [Debug     ] - Map[001451] MapDoc[1017] MeteorArena Partition: 01 loaded...
10:47:29.563 [Debug     ] - Map[004025] MapDoc[2024] BattleFormation Partition: 00 loaded...
10:47:29.599 [Debug     ] - Map[004024] MapDoc[2023] RightCloister Partition: 01 loaded...
10:47:29.636 [Debug     ] - Map[004023] MapDoc[2023] LeftCloister Partition: 00 loaded...
10:47:29.657 [Debug     ] - Map[004022] MapDoc[2022] HellHall Partition: 01 loaded...
10:47:29.687 [Debug     ] - Map[004021] MapDoc[2021] HellGate Partition: 00 loaded...
10:47:29.762 [Debug     ] - Map[005002] MapDoc[1002] Trap Partition: 01 loaded...
10:47:29.778 [Debug     ] - Map[001551] MapDoc[1551] HalloweenCity1 Partition: 00 loaded...
10:47:29.795 [Debug     ] - Map[001550] MapDoc[1550] HalloweenCity1 Partition: 01 loaded...
10:47:29.800 [Debug     ] - Map[000700] MapDoc[0700] LotteryMap Partition: 00 loaded...
10:47:29.908 [Debug     ] - Map[001700] MapDoc[1700] EvilAbyss Partition: 01 loaded...
10:47:29.918 [Debug     ] - Map[001500] MapDoc[1734] ClassPKArena1 Partition: 00 loaded...
10:47:29.926 [Debug     ] - Map[001501] MapDoc[1730] ClassPKArena2 Partition: 01 loaded...
10:47:29.935 [Debug     ] - Map[001502] MapDoc[1735] ClassPKArena3 Partition: 00 loaded...
10:47:29.942 [Debug     ] - Map[001837] MapDoc[1734] ClassPKArena4 Partition: 01 loaded...
10:47:29.949 [Debug     ] - Map[001838] MapDoc[1730] ClassPKArena5 Partition: 00 loaded...
10:47:29.956 [Debug     ] - Map[001839] MapDoc[1735] ClassPKArena6 Partition: 01 loaded...
10:47:29.963 [Debug     ] - Map[001928] MapDoc[1735] ClassPKArena10 Partition: 00 loaded...
10:47:29.970 [Debug     ] - Map[001946] MapDoc[1730] ClassPKArena7 Partition: 01 loaded...
10:47:29.977 [Debug     ] - Map[001947] MapDoc[1730] ClassPKArena8 Partition: 00 loaded...
10:47:29.983 [Debug     ] - Map[001948] MapDoc[1730] ClassPKArena9 Partition: 01 loaded...
10:47:29.990 [Debug     ] - Map[003000] MapDoc[1734] ClassPKArena10 Partition: 00 loaded...
10:47:29.997 [Debug     ] - Map[003001] MapDoc[1730] ClassPKArena11 Partition: 01 loaded...
10:47:30.004 [Debug     ] - Map[003002] MapDoc[1735] ClassPKArena12 Partition: 00 loaded...
10:47:30.010 [Debug     ] - Map[003003] MapDoc[1730] ClassPKArena13 Partition: 01 loaded...
10:47:30.017 [Debug     ] - Map[003004] MapDoc[1734] ClassPKArena14 Partition: 00 loaded...
10:47:30.023 [Debug     ] - Map[003005] MapDoc[1730] ClassPKArena15 Partition: 01 loaded...
10:47:30.030 [Debug     ] - Map[003006] MapDoc[1735] ClassPKArena16 Partition: 00 loaded...
10:47:30.043 [Debug     ] - Map[003007] MapDoc[1730] ClassPKArena17 Partition: 01 loaded...
10:47:30.051 [Debug     ] - Map[003008] MapDoc[1734] ClassPKArena18 Partition: 00 loaded...
10:47:30.059 [Debug     ] - Map[003009] MapDoc[1730] ClassPKArena19 Partition: 01 loaded...
10:47:30.067 [Debug     ] - Map[003010] MapDoc[1735] ClassPKArena20 Partition: 00 loaded...
10:47:30.073 [Debug     ] - Map[003011] MapDoc[1730] ClassPKArena21 Partition: 01 loaded...
10:47:30.079 [Debug     ] - Map[003012] MapDoc[1734] ClassPKArena22 Partition: 00 loaded...
10:47:30.085 [Debug     ] - Map[003013] MapDoc[1730] ClassPKArena23 Partition: 01 loaded...
10:47:30.091 [Debug     ] - Map[003014] MapDoc[1735] ClassPKArena24 Partition: 00 loaded...
10:47:30.097 [Debug     ] - Map[003015] MapDoc[1730] ClassPKArena25 Partition: 01 loaded...
10:47:30.103 [Debug     ] - Map[003016] MapDoc[1734] ClassPKWarArena26 Partition: 00 loaded...
10:47:30.108 [Debug     ] - Map[003017] MapDoc[1730] ClassPKWarArena27 Partition: 01 loaded...
10:47:30.114 [Debug     ] - Map[003018] MapDoc[1735] ClassPKWarArena28 Partition: 00 loaded...
10:47:30.120 [Debug     ] - Map[003019] MapDoc[1730] ClassPKWarArena29 Partition: 01 loaded...
10:47:30.126 [Debug     ] - Map[003862] MapDoc[1734] ClassPKArena34 Partition: 00 loaded...
10:47:30.132 [Debug     ] - Map[003863] MapDoc[1730] ClassPKArena35 Partition: 01 loaded...
10:47:30.137 [Debug     ] - Map[003864] MapDoc[1735] ClassPKArena36 Partition: 00 loaded...
10:47:30.143 [Debug     ] - Map[003865] MapDoc[1730] ClassPKArena37 Partition: 01 loaded...
10:47:30.149 [Debug     ] - Map[009903] MapDoc[1734] ClassPKArena30 Partition: 00 loaded...
10:47:30.155 [Debug     ] - Map[009904] MapDoc[1730] ClassPKArena31 Partition: 01 loaded...
10:47:30.161 [Debug     ] - Map[009905] MapDoc[1735] ClassPKArena32 Partition: 00 loaded...
10:47:30.166 [Debug     ] - Map[009906] MapDoc[1730] ClassPKArena33 Partition: 01 loaded...
10:47:30.172 [Debug     ] - Map[010392] MapDoc[1734] ClassPKArena42 Partition: 00 loaded...
10:47:30.177 [Debug     ] - Map[010393] MapDoc[1730] ClassPKArena43 Partition: 01 loaded...
10:47:30.184 [Debug     ] - Map[010394] MapDoc[1735] ClassPKArena44 Partition: 00 loaded...
10:47:30.191 [Debug     ] - Map[010395] MapDoc[1730] ClassPKArena45 Partition: 01 loaded...
10:47:30.192 [Warning   ] - Could not load map 2058(2071): map data not found
10:47:30.193 [Error     ] - Could not load 
10:47:30.227 [Debug     ] - Map[001762] MapDoc[1762] FrozenGrotto1 Partition: 00 loaded...
10:47:30.261 [Debug     ] - Map[001927] MapDoc[1762] FrozenGrotto2 Partition: 01 loaded...
10:47:30.263 [Warning   ] - Could not load map 1999(1999): map data not found
10:47:30.264 [Error     ] - Could not load 
10:47:30.265 [Warning   ] - Could not load map 2054(2054): map data not found
10:47:30.266 [Error     ] - Could not load 
10:47:30.267 [Warning   ] - Could not load map 2055(2055): map data not found
10:47:30.268 [Error     ] - Could not load 
10:47:30.268 [Warning   ] - Could not load map 2056(2056): map data not found
10:47:30.269 [Error     ] - Could not load 
10:47:30.270 [Warning   ] - Could not load map 2057(2057): map data not found
10:47:30.271 [Error     ] - Could not load 
10:47:30.271 [Warning   ] - Could not load map 2071(2071): map data not found
10:47:30.272 [Error     ] - Could not load 
10:47:30.273 [Warning   ] - Could not load map 2072(2071): map data not found
10:47:30.274 [Error     ] - Could not load 
10:47:30.274 [Warning   ] - Could not load map 2073(2071): map data not found
10:47:30.275 [Error     ] - Could not load 
10:47:30.276 [Warning   ] - Could not load map 2074(2071): map data not found
10:47:30.276 [Error     ] - Could not load 
10:47:30.279 [Warning   ] - Could not load map 2060(2060): map data not found
10:47:30.280 [Error     ] - Could not load 
10:47:30.287 [Debug     ] - Map[000601] MapDoc[0601] OfflineTG Partition: 00 loaded...
10:47:30.296 [Debug     ] - Map[001072] MapDoc[1508] CityArena4 Partition: 01 loaded...
10:47:30.302 [Debug     ] - Map[002080] MapDoc[0700] LineSkillPKTournamentMap Partition: 00 loaded...
10:47:30.318 [Debug     ] - Map[001806] MapDoc[1806] OrchidGarden Partition: 01 loaded...
10:47:30.326 [Debug     ] - Map[001782] MapDoc[1004] TreasureHouse Partition: 00 loaded...
10:47:30.334 [Debug     ] - Map[001783] MapDoc[1004] TreasureHouse1 Partition: 01 loaded...
10:47:30.340 [Debug     ] - Map[001784] MapDoc[0601] Hut Partition: 00 loaded...
10:47:30.347 [Debug     ] - Map[001785] MapDoc[1785] Dungeon1F Partition: 01 loaded...
10:47:30.354 [Debug     ] - Map[001786] MapDoc[1786] Dungeon2F Partition: 00 loaded...
10:47:30.360 [Debug     ] - Map[001787] MapDoc[1787] Dungeon3F Partition: 01 loaded...
10:47:30.369 [Debug     ] - Map[001794] MapDoc[1028] ViperCave Partition: 00 loaded...
10:47:30.378 [Debug     ] - Map[001792] MapDoc[1014] SwanLake Partition: 01 loaded...
10:47:30.386 [Debug     ] - Map[001791] MapDoc[1765] RoseGarden Partition: 00 loaded...
10:47:30.392 [Debug     ] - Map[900000] MapDoc[900000] PlayersArena Partition: 01 loaded...
10:47:30.398 [Debug     ] - Map[001863] MapDoc[1730] TwinCityArena Partition: 00 loaded...
10:47:30.404 [Debug     ] - Map[001864] MapDoc[1730] WindPlainArena Partition: 01 loaded...
10:47:30.411 [Debug     ] - Map[001868] MapDoc[1733] PhoenixCastleArena Partition: 00 loaded...
10:47:30.425 [Debug     ] - Map[001869] MapDoc[1733] MapleForestArena Partition: 01 loaded...
10:47:30.432 [Debug     ] - Map[001873] MapDoc[1735] ApeCityArena Partition: 00 loaded...
10:47:30.438 [Debug     ] - Map[001874] MapDoc[1735] LoveCanyonArena Partition: 01 loaded...
10:47:30.444 [Debug     ] - Map[001878] MapDoc[1737] BirdIslandArena Partition: 00 loaded...
10:47:30.453 [Debug     ] - Map[001879] MapDoc[1737] BirdIslandArena Partition: 01 loaded...
10:47:30.458 [Debug     ] - Map[001883] MapDoc[1732] DesertCityArena Partition: 00 loaded...
10:47:30.465 [Debug     ] - Map[001884] MapDoc[1732] DesertArena Partition: 01 loaded...
10:47:30.531 [Debug     ] - Map[002075] MapDoc[1002] CastleWar Partition: 00 loaded...
10:47:30.555 [Warning   ] - Could not load map 1000000(0): map data not found
10:47:30.664 [Error     ] - Could not load monster (21) for generator (125)
10:47:30.665 [Error     ] - Could not load monster (22) for generator (126)
10:47:30.665 [Error     ] - Could not load monster (23) for generator (127)
10:47:30.666 [Error     ] - Could not load monster (24) for generator (128)
10:47:30.667 [Error     ] - Could not load monster (21) for generator (185)
10:47:30.667 [Error     ] - Could not load monster (22) for generator (186)
10:47:30.668 [Error     ] - Could not load monster (23) for generator (187)
10:47:30.668 [Error     ] - Could not load monster (24) for generator (188)
10:47:30.669 [Error     ] - Could not load monster (26) for generator (190)
10:47:30.669 [Error     ] - Could not load monster (27) for generator (191)
10:47:30.669 [Error     ] - Could not load monster (28) for generator (192)
10:47:30.670 [Error     ] - Could not load monster (29) for generator (193)
10:47:30.670 [Error     ] - Could not load monster (7006) for generator (341)
10:47:30.671 [Error     ] - Could not load monster (3526) for generator (1600)
10:47:30.672 [Error     ] - Could not load monster (3526) for generator (1601)
10:47:30.672 [Error     ] - Could not load monster (3526) for generator (1602)
10:47:30.673 [Error     ] - Could not load monster (3550) for generator (1650)
10:47:30.673 [Error     ] - Could not load monster (3551) for generator (1651)
10:47:30.674 [Error     ] - Could not load monster (2093) for generator (3910)
10:47:30.674 [Error     ] - Could not load monster (2093) for generator (3911)
10:47:30.675 [Error     ] - Could not load monster (2094) for generator (3912)
10:47:30.675 [Error     ] - Could not load monster (2094) for generator (3913)
10:47:30.676 [Error     ] - Could not load monster (2094) for generator (3914)
10:47:30.676 [Error     ] - Could not load monster (2094) for generator (3915)
10:47:30.677 [Error     ] - Could not load monster (2094) for generator (3916)
10:47:30.677 [Error     ] - Could not load monster (2094) for generator (3917)
10:47:30.678 [Error     ] - Could not load monster (2094) for generator (3918)
10:47:30.678 [Error     ] - Could not load monster (2095) for generator (3920)
10:47:30.678 [Error     ] - Could not load monster (2095) for generator (3921)
10:47:30.680 [Error     ] - Could not load monster (2095) for generator (3922)
10:47:30.683 [Error     ] - Could not load monster (2095) for generator (3923)
10:47:30.684 [Error     ] - Could not load monster (2095) for generator (3924)
10:47:30.684 [Error     ] - Could not load monster (2095) for generator (3925)
10:47:30.685 [Error     ] - Could not load monster (2095) for generator (3926)
10:47:30.685 [Error     ] - Could not load monster (2095) for generator (3927)
10:47:30.686 [Error     ] - Could not load monster (2095) for generator (3928)
10:47:30.686 [Error     ] - Could not load monster (2095) for generator (3929)
10:47:30.687 [Error     ] - Could not load map (2060) for generator (20344)
10:47:30.687 [Error     ] - Could not load map (2060) for generator (20345)
10:47:30.688 [Error     ] - Could not load map (2060) for generator (20346)
10:47:30.688 [Error     ] - Could not load map (2060) for generator (20347)
10:47:30.689 [Error     ] - Could not load map (2060) for generator (20348)
10:47:30.689 [Error     ] - Could not load map (2060) for generator (20349)
10:47:30.690 [Error     ] - Could not load map (2060) for generator (20350)
10:47:30.691 [Info      ] - Timer [Common Thread] has started
10:47:30.693 [Info      ] - Timer [Ai Thread] has started
10:47:30.694 [Info      ] - Timer [Generator Thread] has started
10:47:31.710 [Info      ] - Attempting connection with the account server on [192.168.0.106:8650]...
10:47:33.259 [Info      ] - Connected to the Game server!
10:47:33.276 [Info      ] - Accepted on the game server!
10:47:33.278 [Info      ] - Sending data to game server...
10:47:33.283 [Info      ] - Total 0 NPCs sent to the game server!!!
10:47:33.285 [Info      ] - Finished data sync
10:47:37.242 [Info      ] - Disconnected from the game server!
10:47:37.287 [Info      ] - Attempting connection with the account server on [192.168.0.106:8650]...
10:47:40.781 [Info      ] -   Comet: AI Server
10:47:40.806 [Info      ] -   Copyright 2022-2024 Felipe Vieira Vendramini "Konichu"
10:47:40.809 [Info      ] -   All Rights Reserved
10:47:40.810 [Info      ] - Initializing server...
10:47:42.335 [Debug     ] - Loading 185 maps...
10:47:43.047 [Debug     ] - Map[001000] MapDoc[1000] Desert Partition: 00 loaded...
10:47:43.109 [Debug     ] - Map[001001] MapDoc[1001] MysticCastle Partition: 01 loaded...
10:47:43.281 [Debug     ] - Map[001002] MapDoc[1002] CentralPlain Partition: 00 loaded...
10:47:43.290 [Debug     ] - Map[001003] MapDoc[1003] MineCave Partition: 01 loaded...
10:47:43.297 [Debug     ] - Map[001004] MapDoc[1004] JobCenter Partition: 00 loaded...
10:47:43.306 [Debug     ] - Map[001005] MapDoc[1005] Arena Partition: 01 loaded...
10:47:43.316 [Debug     ] - Map[001006] MapDoc[1006] Stable Partition: 00 loaded...
10:47:43.324 [Debug     ] - Map[001007] MapDoc[1007] Blachsmith Partition: 01 loaded...
10:47:43.333 [Debug     ] - Map[001008] MapDoc[1008] Grocery Partition: 00 loaded...
10:47:43.340 [Debug     ] - Map[001009] MapDoc[1009] ArmorStore Partition: 01 loaded...
10:47:43.352 [Debug     ] - Map[001010] MapDoc[1010] BirthVillage Partition: 00 loaded...
10:47:43.427 [Debug     ] - Map[001011] MapDoc[1011] Forest Partition: 01 loaded...
10:47:43.492 [Debug     ] - Map[001012] MapDoc[1012] Dreamland Partition: 00 loaded...
10:47:43.501 [Debug     ] - Map[001013] MapDoc[1013] TigerCave Partition: 01 loaded...
10:47:43.511 [Debug     ] - Map[001014] MapDoc[1014] DragonPool Partition: 00 loaded...
10:47:43.646 [Debug     ] - Map[001015] MapDoc[1015] Island Partition: 01 loaded...
10:47:43.653 [Debug     ] - Map[001016] MapDoc[1016] KylinCave Partition: 00 loaded...
10:47:43.667 [Debug     ] - Map[001018] MapDoc[1018] Arena Partition: 01 loaded...
10:47:43.731 [Debug     ] - Map[001020] MapDoc[1020] Canyon Partition: 00 loaded...
10:47:43.738 [Debug     ] - Map[001021] MapDoc[1021] CopperMine Partition: 01 loaded...
10:47:43.746 [Debug     ] - Map[001028] MapDoc[1028] IronMine Partition: 00 loaded...
10:47:43.756 [Debug     ] - Map[001027] MapDoc[1027] SilverMine Partition: 01 loaded...
10:47:43.765 [Debug     ] - Map[001026] MapDoc[1026] CopperMine Partition: 00 loaded...
10:47:43.774 [Debug     ] - Map[001025] MapDoc[1025] IronMine Partition: 01 loaded...
10:47:43.787 [Debug     ] - Map[001036] MapDoc[1036] Market Partition: 00 loaded...
10:47:43.804 [Debug     ] - Map[001038] MapDoc[1038] GuildArea Partition: 01 loaded...
10:47:43.824 [Debug     ] - Map[001039] MapDoc[1039] TrainingGround Partition: 00 loaded...
10:47:43.842 [Debug     ] - Map[001063] MapDoc[1063] AdventureIsland Partition: 01 loaded...
10:47:44.760 [Debug     ] - Map[001062] MapDoc[1062] Maze3 Partition: 00 loaded...
10:47:44.767 [Debug     ] - Map[001042] MapDoc[1042] PassPortal Partition: 01 loaded...
10:47:44.775 [Debug     ] - Map[001043] MapDoc[1043] Peace Partition: 00 loaded...
10:47:44.783 [Debug     ] - Map[001044] MapDoc[1044] Chaos Partition: 01 loaded...
10:47:44.791 [Debug     ] - Map[001045] MapDoc[1045] Deserted Partition: 00 loaded...
10:47:44.800 [Debug     ] - Map[001046] MapDoc[1046] Prosperous Partition: 01 loaded...
10:47:44.808 [Debug     ] - Map[001047] MapDoc[1047] Disturbed Partition: 00 loaded...
10:47:44.816 [Debug     ] - Map[001048] MapDoc[1048] Calmed Partition: 01 loaded...
10:47:44.824 [Debug     ] - Map[001049] MapDoc[1049] Death Partition: 00 loaded...
10:47:44.833 [Debug     ] - Map[001050] MapDoc[1050] Life Partition: 01 loaded...
10:47:44.867 [Debug     ] - Map[001051] MapDoc[1079] MysticIsland Partition: 00 loaded...
10:47:44.895 [Debug     ] - Map[001052] MapDoc[1082] TestIsland Partition: 01 loaded...
10:47:45.803 [Debug     ] - Map[001061] MapDoc[1061] Maze2 Partition: 00 loaded...
10:47:46.647 [Debug     ] - Map[001060] MapDoc[1060] Maze1 Partition: 01 loaded...
10:47:47.560 [Debug     ] - Map[001041] MapDoc[1041] PrizeClaimingMa Partition: 00 loaded...
10:47:47.606 [Debug     ] - Map[001040] MapDoc[1040] SkyCityPass Partition: 01 loaded...
10:47:47.647 [Debug     ] - Map[001070] MapDoc[1070] SnakeDen Partition: 00 loaded...
10:47:47.714 [Debug     ] - Map[001075] MapDoc[1075] NewCanyon Partition: 01 loaded...
10:47:47.776 [Debug     ] - Map[001076] MapDoc[1076] NewForest Partition: 00 loaded...
10:47:47.839 [Debug     ] - Map[001077] MapDoc[1077] NewDesert Partition: 01 loaded...
10:47:47.926 [Debug     ] - Map[001078] MapDoc[1078] NewIsland Partition: 00 loaded...
10:47:47.941 [Debug     ] - Map[001080] MapDoc[1018] Arena2 Partition: 01 loaded...
10:47:47.955 [Debug     ] - Map[001081] MapDoc[1018] Arena3 Partition: 00 loaded...
10:47:47.969 [Debug     ] - Map[001100] MapDoc[1100] MoonPlatform Partition: 01 loaded...
10:47:47.984 [Debug     ] - Map[001101] MapDoc[1101] MoonPlatform Partition: 00 loaded...
10:47:47.998 [Debug     ] - Map[001102] MapDoc[1102] MoonPlatform Partition: 01 loaded...
10:47:48.014 [Debug     ] - Map[001103] MapDoc[1103] MoonPlatform Partition: 00 loaded...
10:47:48.029 [Debug     ] - Map[001104] MapDoc[1104] MoonPlatform Partition: 01 loaded...
10:47:48.052 [Debug     ] - Map[001105] MapDoc[1105] MoonPlatform Partition: 00 loaded...
10:47:48.064 [Debug     ] - Map[001106] MapDoc[1106] MoonPlatform Partition: 01 loaded...
10:47:48.077 [Debug     ] - Map[001107] MapDoc[1107] MoonPlatform Partition: 00 loaded...
10:47:48.090 [Debug     ] - Map[001108] MapDoc[1108] MoonPlatform Partition: 01 loaded...
10:47:48.103 [Debug     ] - Map[001109] MapDoc[1109] MoonPlatform Partition: 00 loaded...
10:47:48.110 [Debug     ] - Map[005000] MapDoc[1025] NPCJail Partition: 01 loaded...
10:47:48.118 [Debug     ] - Map[006000] MapDoc[6000] PKerJail Partition: 00 loaded...
10:47:48.125 [Debug     ] - Map[006001] MapDoc[6001] Jail Partition: 01 loaded...
10:47:48.132 [Debug     ] - Map[006010] MapDoc[6000] AFKerJail Partition: 00 loaded...
10:47:48.160 [Debug     ] - Map[001201] MapDoc[1201] GlobeQuest1 Partition: 01 loaded...
10:47:48.196 [Debug     ] - Map[001202] MapDoc[1202] GlobeQuest2 Partition: 00 loaded...
10:47:48.314 [Debug     ] - Map[001204] MapDoc[1204] GlobeQuest4 Partition: 01 loaded...
10:47:48.430 [Debug     ] - Map[001205] MapDoc[1205] GlobeQuest5 Partition: 00 loaded...
10:47:48.529 [Debug     ] - Map[001207] MapDoc[1207] GlobeQuest7 Partition: 01 loaded...
10:47:48.597 [Debug     ] - Map[001208] MapDoc[1208] GlobeQuest8 Partition: 00 loaded...
10:47:48.679 [Debug     ] - Map[001210] MapDoc[1210] GlobeQuest10 Partition: 01 loaded...
10:47:48.745 [Debug     ] - Map[001211] MapDoc[1211] GlobeQuest11 Partition: 00 loaded...
10:47:48.899 [Debug     ] - Map[001212] MapDoc[1212] GlobeIsland Partition: 01 loaded...
10:47:48.979 [Debug     ] - Map[001213] MapDoc[1213] GlobeDesert Partition: 00 loaded...
10:47:49.105 [Debug     ] - Map[001214] MapDoc[1214] GlobeCanyon Partition: 01 loaded...
10:47:49.170 [Debug     ] - Map[001215] MapDoc[1215] GlobeForest Partition: 00 loaded...
10:47:49.233 [Debug     ] - Map[001216] MapDoc[1216] GlobePlain Partition: 01 loaded...
10:47:49.294 [Debug     ] - Map[001217] MapDoc[1075] JointCanyon Partition: 00 loaded...
10:47:49.305 [Debug     ] - Map[001218] MapDoc[1025] CopperMine Partition: 01 loaded...
10:47:49.498 [Debug     ] - Map[001219] MapDoc[1212] GlobeExit Partition: 00 loaded...
10:47:49.507 [Debug     ] - Map[002000] MapDoc[1500] IronMine2 Partition: 01 loaded...
10:47:49.514 [Debug     ] - Map[002001] MapDoc[1501] IronMine2F Partition: 00 loaded...
10:47:49.568 [Debug     ] - Map[001300] MapDoc[1001] DemonCave Partition: 01 loaded...
10:47:49.581 [Debug     ] - Map[002002] MapDoc[1500] IronMine3F Partition: 00 loaded...
10:47:49.588 [Debug     ] - Map[002003] MapDoc[1501] IronMine3F Partition: 01 loaded...
10:47:49.595 [Debug     ] - Map[002004] MapDoc[1500] IronMine3F Partition: 00 loaded...
10:47:49.604 [Debug     ] - Map[002005] MapDoc[1501] IronMine3F Partition: 01 loaded...
10:47:49.611 [Debug     ] - Map[002006] MapDoc[1503] IronMine4F Partition: 00 loaded...
10:47:49.619 [Debug     ] - Map[002007] MapDoc[1502] IronMine4F Partition: 01 loaded...
10:47:49.626 [Debug     ] - Map[002008] MapDoc[1503] IronMine4F Partition: 00 loaded...
10:47:49.636 [Debug     ] - Map[002009] MapDoc[1502] IronMine4F Partition: 01 loaded...
10:47:49.644 [Debug     ] - Map[002010] MapDoc[1503] IronMine4F Partition: 00 loaded...
10:47:49.652 [Debug     ] - Map[002011] MapDoc[1502] IronMine4F Partition: 01 loaded...
10:47:49.659 [Debug     ] - Map[002012] MapDoc[1503] IronMine4F Partition: 00 loaded...
10:47:49.669 [Debug     ] - Map[002013] MapDoc[1502] IronMine4F Partition: 01 loaded...
10:47:49.675 [Debug     ] - Map[002020] MapDoc[1500] CopperMine2F Partition: 00 loaded...
10:47:49.683 [Debug     ] - Map[002021] MapDoc[1501] CopperMine2F Partition: 01 loaded...
10:47:49.690 [Debug     ] - Map[002022] MapDoc[1500] CopperMine3F Partition: 00 loaded...
10:47:49.699 [Debug     ] - Map[002023] MapDoc[1501] CopperMine3F Partition: 01 loaded...
10:47:49.707 [Debug     ] - Map[002024] MapDoc[1500] CopperMine3F Partition: 00 loaded...
10:47:49.714 [Debug     ] - Map[002025] MapDoc[1501] CopperMine3F Partition: 01 loaded...
10:47:49.721 [Debug     ] - Map[002026] MapDoc[1503] CopperMine4F Partition: 00 loaded...
10:47:49.729 [Debug     ] - Map[002027] MapDoc[1502] CopperMine4F Partition: 01 loaded...
10:47:49.738 [Debug     ] - Map[002028] MapDoc[1503] CopperMine4F Partition: 00 loaded...
10:47:49.745 [Debug     ] - Map[002029] MapDoc[1502] CopperMine4F Partition: 01 loaded...
10:47:49.753 [Debug     ] - Map[002030] MapDoc[1503] CopperMine4F Partition: 00 loaded...
10:47:49.759 [Debug     ] - Map[002031] MapDoc[1502] CopperMine4F Partition: 01 loaded...
10:47:49.771 [Debug     ] - Map[002032] MapDoc[1503] CopperMine4F Partition: 00 loaded...
10:47:49.778 [Debug     ] - Map[002033] MapDoc[1502] CopperMine4F Partition: 01 loaded...
10:47:49.786 [Debug     ] - Map[002040] MapDoc[1500] SilverMine2F Partition: 00 loaded...
10:47:49.793 [Debug     ] - Map[002041] MapDoc[1501] SilverMine2F Partition: 01 loaded...
10:47:49.801 [Debug     ] - Map[002042] MapDoc[1500] SilverMine3F Partition: 00 loaded...
10:47:49.808 [Debug     ] - Map[002043] MapDoc[1501] SilverMine3F Partition: 01 loaded...
10:47:49.815 [Debug     ] - Map[002044] MapDoc[1500] SilverMine3F Partition: 00 loaded...
10:47:49.822 [Debug     ] - Map[002045] MapDoc[1501] SilverMine3F Partition: 01 loaded...
10:47:49.828 [Debug     ] - Map[002046] MapDoc[1503] SilverMine4F Partition: 00 loaded...
10:47:49.837 [Debug     ] - Map[002047] MapDoc[1502] SilverMine4F Partition: 01 loaded...
10:47:49.844 [Debug     ] - Map[002048] MapDoc[1503] SilverMine4F Partition: 00 loaded...
10:47:49.851 [Debug     ] - Map[002049] MapDoc[1502] SilverMine4F Partition: 01 loaded...
10:47:49.858 [Debug     ] - Map[002050] MapDoc[1503] SilverMine4F Partition: 00 loaded...
10:47:49.865 [Debug     ] - Map[002051] MapDoc[1502] SilverMine4F Partition: 01 loaded...
10:47:49.873 [Debug     ] - Map[002052] MapDoc[1503] SilverMine4F Partition: 00 loaded...
10:47:49.880 [Debug     ] - Map[002053] MapDoc[1502] SilverMine4F Partition: 01 loaded...
10:47:49.887 [Debug     ] - Map[006002] MapDoc[6000] MacroJail Partition: 00 loaded...
10:47:49.906 [Debug     ] - Map[001351] MapDoc[1351] Labyrinth Partition: 01 loaded...
10:47:49.938 [Debug     ] - Map[001352] MapDoc[1352] Labyrinth Partition: 00 loaded...
10:47:49.988 [Debug     ] - Map[001353] MapDoc[1353] Labyrinth Partition: 01 loaded...
10:47:50.044 [Debug     ] - Map[001354] MapDoc[1354] Labyrinth Partition: 00 loaded...
10:47:50.050 [Debug     ] - Map[001095] MapDoc[1091] Arena2 Partition: 01 loaded...
10:47:50.059 [Debug     ] - Map[001094] MapDoc[1090] Arena1 Partition: 00 loaded...
10:47:50.065 [Debug     ] - Map[001093] MapDoc[1091] Arena2 Partition: 01 loaded...
10:47:50.074 [Debug     ] - Map[001092] MapDoc[1090] Arena1 Partition: 00 loaded...
10:47:50.081 [Debug     ] - Map[001091] MapDoc[1091] Arena2 Partition: 01 loaded...
10:47:50.091 [Debug     ] - Map[001090] MapDoc[1090] Arena1 Partition: 00 loaded...
10:47:50.103 [Debug     ] - Map[001505] MapDoc[1505] CityArena1 Partition: 01 loaded...
10:47:50.116 [Debug     ] - Map[001515] MapDoc[1505] CityArena1 Partition: 00 loaded...
10:47:50.127 [Debug     ] - Map[001525] MapDoc[1505] CityArena1 Partition: 01 loaded...
10:47:50.140 [Debug     ] - Map[001506] MapDoc[1506] CityArena2 Partition: 00 loaded...
10:47:50.147 [Debug     ] - Map[001516] MapDoc[1506] CityArena2 Partition: 01 loaded...
10:47:50.154 [Debug     ] - Map[001526] MapDoc[1506] CityArena2 Partition: 00 loaded...
10:47:50.161 [Debug     ] - Map[001511] MapDoc[1004] FurnitureStore Partition: 01 loaded...
10:47:50.170 [Debug     ] - Map[001528] MapDoc[1508] CityArena4 Partition: 00 loaded...
10:47:50.178 [Debug     ] - Map[001518] MapDoc[1508] CityArena4 Partition: 01 loaded...
10:47:50.186 [Debug     ] - Map[001508] MapDoc[1508] CityArena4 Partition: 00 loaded...
10:47:50.195 [Debug     ] - Map[001451] MapDoc[1017] MeteorArena Partition: 01 loaded...
10:47:50.205 [Debug     ] - Map[004025] MapDoc[2024] BattleFormation Partition: 00 loaded...
10:47:50.237 [Debug     ] - Map[004024] MapDoc[2023] RightCloister Partition: 01 loaded...
10:47:50.268 [Debug     ] - Map[004023] MapDoc[2023] LeftCloister Partition: 00 loaded...
10:47:50.284 [Debug     ] - Map[004022] MapDoc[2022] HellHall Partition: 01 loaded...
10:47:50.312 [Debug     ] - Map[004021] MapDoc[2021] HellGate Partition: 00 loaded...
10:47:50.375 [Debug     ] - Map[005002] MapDoc[1002] Trap Partition: 01 loaded...
10:47:50.391 [Debug     ] - Map[001551] MapDoc[1551] HalloweenCity1 Partition: 00 loaded...
10:47:50.407 [Debug     ] - Map[001550] MapDoc[1550] HalloweenCity1 Partition: 01 loaded...
10:47:50.413 [Debug     ] - Map[000700] MapDoc[0700] LotteryMap Partition: 00 loaded...
10:47:50.515 [Debug     ] - Map[001700] MapDoc[1700] EvilAbyss Partition: 01 loaded...
10:47:50.521 [Debug     ] - Map[001500] MapDoc[1734] ClassPKArena1 Partition: 00 loaded...
10:47:50.527 [Debug     ] - Map[001501] MapDoc[1730] ClassPKArena2 Partition: 01 loaded...
10:47:50.533 [Debug     ] - Map[001502] MapDoc[1735] ClassPKArena3 Partition: 00 loaded...
10:47:50.539 [Debug     ] - Map[001837] MapDoc[1734] ClassPKArena4 Partition: 01 loaded...
10:47:50.544 [Debug     ] - Map[001838] MapDoc[1730] ClassPKArena5 Partition: 00 loaded...
10:47:50.549 [Debug     ] - Map[001839] MapDoc[1735] ClassPKArena6 Partition: 01 loaded...
10:47:50.556 [Debug     ] - Map[001928] MapDoc[1735] ClassPKArena10 Partition: 00 loaded...
10:47:50.561 [Debug     ] - Map[001946] MapDoc[1730] ClassPKArena7 Partition: 01 loaded...
10:47:50.568 [Debug     ] - Map[001947] MapDoc[1730] ClassPKArena8 Partition: 00 loaded...
10:47:50.573 [Debug     ] - Map[001948] MapDoc[1730] ClassPKArena9 Partition: 01 loaded...
10:47:50.578 [Debug     ] - Map[003000] MapDoc[1734] ClassPKArena10 Partition: 00 loaded...
10:47:50.584 [Debug     ] - Map[003001] MapDoc[1730] ClassPKArena11 Partition: 01 loaded...
10:47:50.590 [Debug     ] - Map[003002] MapDoc[1735] ClassPKArena12 Partition: 00 loaded...
10:47:50.595 [Debug     ] - Map[003003] MapDoc[1730] ClassPKArena13 Partition: 01 loaded...
10:47:50.602 [Debug     ] - Map[003004] MapDoc[1734] ClassPKArena14 Partition: 00 loaded...
10:47:50.607 [Debug     ] - Map[003005] MapDoc[1730] ClassPKArena15 Partition: 01 loaded...
10:47:50.616 [Debug     ] - Map[003006] MapDoc[1735] ClassPKArena16 Partition: 00 loaded...
10:47:50.625 [Debug     ] - Map[003007] MapDoc[1730] ClassPKArena17 Partition: 01 loaded...
10:47:50.632 [Debug     ] - Map[003008] MapDoc[1734] ClassPKArena18 Partition: 00 loaded...
10:47:50.638 [Debug     ] - Map[003009] MapDoc[1730] ClassPKArena19 Partition: 01 loaded...
10:47:50.643 [Debug     ] - Map[003010] MapDoc[1735] ClassPKArena20 Partition: 00 loaded...
10:47:50.648 [Debug     ] - Map[003011] MapDoc[1730] ClassPKArena21 Partition: 01 loaded...
10:47:50.653 [Debug     ] - Map[003012] MapDoc[1734] ClassPKArena22 Partition: 00 loaded...
10:47:50.659 [Debug     ] - Map[003013] MapDoc[1730] ClassPKArena23 Partition: 01 loaded...
10:47:50.664 [Debug     ] - Map[003014] MapDoc[1735] ClassPKArena24 Partition: 00 loaded...
10:47:50.670 [Debug     ] - Map[003015] MapDoc[1730] ClassPKArena25 Partition: 01 loaded...
10:47:50.676 [Debug     ] - Map[003016] MapDoc[1734] ClassPKWarArena26 Partition: 00 loaded...
10:47:50.681 [Debug     ] - Map[003017] MapDoc[1730] ClassPKWarArena27 Partition: 01 loaded...
10:47:50.686 [Debug     ] - Map[003018] MapDoc[1735] ClassPKWarArena28 Partition: 00 loaded...
10:47:50.691 [Debug     ] - Map[003019] MapDoc[1730] ClassPKWarArena29 Partition: 01 loaded...
10:47:50.697 [Debug     ] - Map[003862] MapDoc[1734] ClassPKArena34 Partition: 00 loaded...
10:47:50.703 [Debug     ] - Map[003863] MapDoc[1730] ClassPKArena35 Partition: 01 loaded...
10:47:50.710 [Debug     ] - Map[003864] MapDoc[1735] ClassPKArena36 Partition: 00 loaded...
10:47:50.716 [Debug     ] - Map[003865] MapDoc[1730] ClassPKArena37 Partition: 01 loaded...
10:47:50.723 [Debug     ] - Map[009903] MapDoc[1734] ClassPKArena30 Partition: 00 loaded...
10:47:50.728 [Debug     ] - Map[009904] MapDoc[1730] ClassPKArena31 Partition: 01 loaded...
10:47:50.734 [Debug     ] - Map[009905] MapDoc[1735] ClassPKArena32 Partition: 00 loaded...
10:47:50.740 [Debug     ] - Map[009906] MapDoc[1730] ClassPKArena33 Partition: 01 loaded...
10:47:50.746 [Debug     ] - Map[010392] MapDoc[1734] ClassPKArena42 Partition: 00 loaded...
10:47:50.752 [Debug     ] - Map[010393] MapDoc[1730] ClassPKArena43 Partition: 01 loaded...
10:47:50.757 [Debug     ] - Map[010394] MapDoc[1735] ClassPKArena44 Partition: 00 loaded...
10:47:50.762 [Debug     ] - Map[010395] MapDoc[1730] ClassPKArena45 Partition: 01 loaded...
10:47:50.763 [Warning   ] - Could not load map 2058(2071): map data not found
10:47:50.765 [Error     ] - Could not load 
10:47:50.799 [Debug     ] - Map[001762] MapDoc[1762] FrozenGrotto1 Partition: 00 loaded...
10:47:50.831 [Debug     ] - Map[001927] MapDoc[1762] FrozenGrotto2 Partition: 01 loaded...
10:47:50.833 [Warning   ] - Could not load map 1999(1999): map data not found
10:47:50.834 [Error     ] - Could not load 
10:47:50.834 [Warning   ] - Could not load map 2054(2054): map data not found
10:47:50.835 [Error     ] - Could not load 
10:47:50.836 [Warning   ] - Could not load map 2055(2055): map data not found
10:47:50.837 [Error     ] - Could not load 
10:47:50.838 [Warning   ] - Could not load map 2056(2056): map data not found
10:47:50.838 [Error     ] - Could not load 
10:47:50.839 [Warning   ] - Could not load map 2057(2057): map data not found
10:47:50.840 [Error     ] - Could not load 
10:47:50.841 [Warning   ] - Could not load map 2071(2071): map data not found
10:47:50.843 [Error     ] - Could not load 
10:47:50.843 [Warning   ] - Could not load map 2072(2071): map data not found
10:47:50.844 [Error     ] - Could not load 
10:47:50.845 [Warning   ] - Could not load map 2073(2071): map data not found
10:47:50.846 [Error     ] - Could not load 
10:47:50.847 [Warning   ] - Could not load map 2074(2071): map data not found
10:47:50.847 [Error     ] - Could not load 
10:47:50.848 [Warning   ] - Could not load map 2060(2060): map data not found
10:47:50.849 [Error     ] - Could not load 
10:47:50.855 [Debug     ] - Map[000601] MapDoc[0601] OfflineTG Partition: 00 loaded...
10:47:50.864 [Debug     ] - Map[001072] MapDoc[1508] CityArena4 Partition: 01 loaded...
10:47:50.869 [Debug     ] - Map[002080] MapDoc[0700] LineSkillPKTournamentMap Partition: 00 loaded...
10:47:50.883 [Debug     ] - Map[001806] MapDoc[1806] OrchidGarden Partition: 01 loaded...
10:47:50.889 [Debug     ] - Map[001782] MapDoc[1004] TreasureHouse Partition: 00 loaded...
10:47:50.897 [Debug     ] - Map[001783] MapDoc[1004] TreasureHouse1 Partition: 01 loaded...
10:47:50.903 [Debug     ] - Map[001784] MapDoc[0601] Hut Partition: 00 loaded...
10:47:50.909 [Debug     ] - Map[001785] MapDoc[1785] Dungeon1F Partition: 01 loaded...
10:47:50.916 [Debug     ] - Map[001786] MapDoc[1786] Dungeon2F Partition: 00 loaded...
10:47:50.921 [Debug     ] - Map[001787] MapDoc[1787] Dungeon3F Partition: 01 loaded...
10:47:50.930 [Debug     ] - Map[001794] MapDoc[1028] ViperCave Partition: 00 loaded...
10:47:50.940 [Debug     ] - Map[001792] MapDoc[1014] SwanLake Partition: 01 loaded...
10:47:50.947 [Debug     ] - Map[001791] MapDoc[1765] RoseGarden Partition: 00 loaded...
10:47:50.953 [Debug     ] - Map[900000] MapDoc[900000] PlayersArena Partition: 01 loaded...
10:47:50.958 [Debug     ] - Map[001863] MapDoc[1730] TwinCityArena Partition: 00 loaded...
10:47:50.964 [Debug     ] - Map[001864] MapDoc[1730] WindPlainArena Partition: 01 loaded...
10:47:50.971 [Debug     ] - Map[001868] MapDoc[1733] PhoenixCastleArena Partition: 00 loaded...
10:47:50.987 [Debug     ] - Map[001869] MapDoc[1733] MapleForestArena Partition: 01 loaded...
10:47:50.993 [Debug     ] - Map[001873] MapDoc[1735] ApeCityArena Partition: 00 loaded...
10:47:50.998 [Debug     ] - Map[001874] MapDoc[1735] LoveCanyonArena Partition: 01 loaded...
10:47:51.005 [Debug     ] - Map[001878] MapDoc[1737] BirdIslandArena Partition: 00 loaded...
10:47:51.010 [Debug     ] - Map[001879] MapDoc[1737] BirdIslandArena Partition: 01 loaded...
10:47:51.016 [Debug     ] - Map[001883] MapDoc[1732] DesertCityArena Partition: 00 loaded...
10:47:51.021 [Debug     ] - Map[001884] MapDoc[1732] DesertArena Partition: 01 loaded...
10:47:51.081 [Debug     ] - Map[002075] MapDoc[1002] CastleWar Partition: 00 loaded...
10:47:51.101 [Warning   ] - Could not load map 1000000(0): map data not found
10:47:51.199 [Error     ] - Could not load monster (21) for generator (125)
10:47:51.200 [Error     ] - Could not load monster (22) for generator (126)
10:47:51.201 [Error     ] - Could not load monster (23) for generator (127)
10:47:51.201 [Error     ] - Could not load monster (24) for generator (128)
10:47:51.202 [Error     ] - Could not load monster (21) for generator (185)
10:47:51.202 [Error     ] - Could not load monster (22) for generator (186)
10:47:51.203 [Error     ] - Could not load monster (23) for generator (187)
10:47:51.203 [Error     ] - Could not load monster (24) for generator (188)
10:47:51.204 [Error     ] - Could not load monster (26) for generator (190)
10:47:51.204 [Error     ] - Could not load monster (27) for generator (191)
10:47:51.205 [Error     ] - Could not load monster (28) for generator (192)
10:47:51.205 [Error     ] - Could not load monster (29) for generator (193)
10:47:51.206 [Error     ] - Could not load monster (7006) for generator (341)
10:47:51.206 [Error     ] - Could not load monster (3526) for generator (1600)
10:47:51.207 [Error     ] - Could not load monster (3526) for generator (1601)
10:47:51.207 [Error     ] - Could not load monster (3526) for generator (1602)
10:47:51.208 [Error     ] - Could not load monster (3550) for generator (1650)
10:47:51.208 [Error     ] - Could not load monster (3551) for generator (1651)
10:47:51.209 [Error     ] - Could not load monster (2093) for generator (3910)
10:47:51.209 [Error     ] - Could not load monster (2093) for generator (3911)
10:47:51.210 [Error     ] - Could not load monster (2094) for generator (3912)
10:47:51.210 [Error     ] - Could not load monster (2094) for generator (3913)
10:47:51.210 [Error     ] - Could not load monster (2094) for generator (3914)
10:47:51.211 [Error     ] - Could not load monster (2094) for generator (3915)
10:47:51.211 [Error     ] - Could not load monster (2094) for generator (3916)
10:47:51.212 [Error     ] - Could not load monster (2094) for generator (3918)
10:47:51.222 [Error     ] - Could not load monster (2095) for generator (3920)
10:47:51.223 [Error     ] - Could not load monster (2095) for generator (3921)
10:47:51.224 [Error     ] - Could not load monster (2095) for generator (3922)
10:47:51.224 [Error     ] - Could not load monster (2095) for generator (3923)
10:47:51.225 [Error     ] - Could not load monster (2095) for generator (3924)
10:47:51.226 [Error     ] - Could not load monster (2095) for generator (3925)
10:47:51.226 [Error     ] - Could not load monster (2095) for generator (3926)
10:47:51.227 [Error     ] - Could not load monster (2095) for generator (3927)
10:47:51.227 [Error     ] - Could not load monster (2095) for generator (3928)
10:47:51.228 [Error     ] - Could not load monster (2095) for generator (3929)
10:47:51.229 [Error     ] - Could not load map (2060) for generator (20344)
10:47:51.229 [Error     ] - Could not load map (2060) for generator (20345)
10:47:51.230 [Error     ] - Could not load map (2060) for generator (20346)
10:47:51.230 [Error     ] - Could not load map (2060) for generator (20347)
10:47:51.231 [Error     ] - Could not load map (2060) for generator (20348)
10:47:51.231 [Error     ] - Could not load map (2060) for generator (20349)
10:47:51.232 [Error     ] - Could not load map (2060) for generator (20350)
10:47:51.233 [Info      ] - Timer [Common Thread] has started
10:47:51.235 [Info      ] - Timer [Ai Thread] has started
10:47:51.236 [Info      ] - Timer [Generator Thread] has started
10:47:52.239 [Info      ] - Attempting connection with the account server on [192.168.0.106:8650]...
10:47:53.775 [Info      ] - Connected to the Game server!
10:47:53.788 [Info      ] - Accepted on the game server!
10:47:53.789 [Info      ] - Sending data to game server...
10:47:53.794 [Info      ] - Total 0 NPCs sent to the game server!!!
10:47:53.796 [Info      ] - Finished data sync
10:50:30.482 [Info      ] - Disconnected from the game server!
10:50:30.482 [Info      ] - Attempting connection with the account server on [192.168.0.106:8650]...
