10:16:10.612 [Info      ] - ================================================================
10:16:10.616 [Info      ] - Server Start Time: 1/2/2024 10:11:11 AM
10:16:10.617 [Info      ] - Total Online Time: 0 days, 0 hours, 4 minutes, 59 seconds
10:16:10.619 [Info      ] - Online Players[0], Max Online Players[0], Distinct Players[0], Role Count[1400]
10:16:10.622 [Info      ] - Total Bytes Sent: 0, Total Packets Sent: 0
10:16:10.626 [Info      ] - Total Bytes Recv: 0, Total Packets Recv: 0
10:16:10.627 [Info      ] - Identities Remaining: 
10:16:10.641 [Info      ] - 	Monster: 99999
10:16:10.642 [Info      ] - 	Furniture: 100000
10:16:10.642 [Info      ] - 	MapItem: 99999
10:16:10.643 [Info      ] - 	Traps: 89999
10:16:10.643 [Info      ] - ================================================================
10:21:10.951 [Info      ] - ================================================================
10:21:10.952 [Info      ] - Server Start Time: 1/2/2024 10:11:11 AM
10:21:10.953 [Info      ] - Total Online Time: 0 days, 0 hours, 9 minutes, 59 seconds
10:21:10.954 [Info      ] - Online Players[0], Max Online Players[0], Distinct Players[0], Role Count[1400]
10:21:10.955 [Info      ] - Total Bytes Sent: 1,560, Total Packets Sent: 30
10:21:10.956 [Info      ] - Total Bytes Recv: 230, Total Packets Recv: 10
10:21:10.956 [Info      ] - Identities Remaining: 
10:21:10.957 [Info      ] - 	Monster: 99999
10:21:10.958 [Info      ] - 	Furniture: 100000
10:21:10.958 [Info      ] - 	MapItem: 99999
10:21:10.959 [Info      ] - 	Traps: 89999
10:21:10.960 [Info      ] - ================================================================
